epoch,dice_coef,iou,iou_thresholded,loss,val_dice_coef,val_iou,val_iou_thresholded,val_loss
0,0.1183854341506958,0.07930032908916473,0.08114705979824066,0.8816145658493042,0.03615318238735199,0.018411273136734962,7.059155905153602e-05,0.9638468027114868
1,0.10115109384059906,0.05569176748394966,0.05928251892328262,0.8988488912582397,0.03548648580908775,0.018067017197608948,7.059155905153602e-05,0.9645135998725891
2,0.0729353204369545,0.0381004624068737,0.038777515292167664,0.9270645976066589,0.031129464507102966,0.015814218670129776,7.059155905153602e-05,0.9688705205917358
3,0.09865061938762665,0.05467863008379936,0.054467398673295975,0.9013493657112122,0.02736608125269413,0.013877162709832191,7.059155905153602e-05,0.972633957862854
4,0.13863393664360046,0.07729849964380264,0.0788281112909317,0.8613659739494324,0.025309791788458824,0.012822633609175682,7.059155905153602e-05,0.9746902585029602
5,0.14789441227912903,0.08455204963684082,0.08753205835819244,0.8521054983139038,0.017628969624638557,0.00889571662992239,3.6423236451810226e-05,0.9823710322380066
6,0.16152475774288177,0.08939505368471146,0.09271539747714996,0.838475227355957,0.024184783920645714,0.012242766097187996,7.054673915263265e-05,0.9758151769638062
0,0.11351730674505234,0.07371064275503159,0.07643835246562958,0.8864827156066895,0.04473460465669632,0.022881649434566498,7.059155905153602e-05,0.9552654027938843
1,0.10615317523479462,0.060140013694763184,0.0615704245865345,0.8938468098640442,0.041577182710170746,0.021233445033431053,7.059155905153602e-05,0.958422839641571
2,0.09025631844997406,0.04782157018780708,0.05318085476756096,0.90974360704422,0.038606442511081696,0.019685912877321243,7.059155905153602e-05,0.9613935351371765
3,0.18569982051849365,0.11103646457195282,0.12467600405216217,0.8143001794815063,0.04150516167283058,0.02120021916925907,7.059155905153602e-05,0.9584948420524597
4,0.30430230498313904,0.2219821959733963,0.2340790331363678,0.6956976652145386,0.03888792544603348,0.01984293945133686,7.059155905153602e-05,0.9611121416091919
5,0.2205529510974884,0.14085569977760315,0.14529375731945038,0.779447078704834,0.025849351659417152,0.013110881671309471,7.059155905153602e-05,0.9741506576538086
6,0.13178573548793793,0.08105596154928207,0.08160486817359924,0.8682142496109009,0.022564450278878212,0.01143132895231247,7.059155905153602e-05,0.9774354696273804
7,0.20248815417289734,0.14547273516654968,0.14739982783794403,0.797511875629425,0.010331078432500362,0.005223265383392572,7.059155905153602e-05,0.9896689653396606
8,0.2489234209060669,0.1725178062915802,0.17579181492328644,0.7510765194892883,0.012350986711680889,0.006245564203709364,7.059155905153602e-05,0.9876490831375122
9,0.40177518129348755,0.29235735535621643,0.29816070199012756,0.5982247591018677,0.015415257774293423,0.007799712009727955,7.059155905153602e-05,0.9845846891403198
10,0.3037400245666504,0.22121576964855194,0.2247818410396576,0.6962599754333496,0.009743203409016132,0.004924241453409195,7.059155905153602e-05,0.9902567863464355
11,0.11079119145870209,0.06646282970905304,0.06935305893421173,0.8892086744308472,0.0076914518140256405,0.003890440333634615,7.059155905153602e-05,0.992308497428894
12,0.30520957708358765,0.2161320000886917,0.2177993506193161,0.6947904229164124,0.004151627421379089,0.0021130915265530348,7.059155905153602e-05,0.9958483576774597
13,0.3460816740989685,0.2549744248390198,0.25984159111976624,0.6539183259010315,0.0047163451090455055,0.002397976815700531,7.059155905153602e-05,0.9952837228775024
14,0.317838579416275,0.21997210383415222,0.2267681062221527,0.6821614503860474,0.003340767463669181,0.0017069947207346559,7.059155905153602e-05,0.9966591596603394
15,0.2645055651664734,0.19368384778499603,0.1965138018131256,0.7354943752288818,0.0017507384764030576,0.0009105589706450701,7.059155905153602e-05,0.9982492327690125
16,0.06045602634549141,0.03334956616163254,0.03397315740585327,0.9395439028739929,0.0002442633849568665,0.00015735282795503736,7.059155905153602e-05,0.9997557401657104
17,0.06739287078380585,0.037137504667043686,0.03726918250322342,0.9326071739196777,0.00011215391714358702,9.135404252447188e-05,7.059155905153602e-05,0.9998878240585327
18,0.1403258740901947,0.09287133812904358,0.09381084889173508,0.8596741557121277,9.660749492468312e-05,8.358957711607218e-05,7.059155905153602e-05,0.9999033808708191
19,0.06749222427606583,0.03703884035348892,0.0369684062898159,0.9325078129768372,7.823259511496872e-05,7.441092020599172e-05,7.059155905153602e-05,0.9999216794967651
20,0.02205844596028328,0.011617758311331272,0.011636381037533283,0.9779415130615234,7.310970249818638e-05,7.185022695921361e-05,7.059155905153602e-05,0.9999268651008606
21,0.11632359027862549,0.06535206735134125,0.06538267433643341,0.8836764097213745,7.303152233362198e-05,7.181124237831682e-05,7.059155905153602e-05,0.9999269247055054
22,0.17504706978797913,0.10794450342655182,0.10798197984695435,0.8249529004096985,7.516735058743507e-05,7.28789163986221e-05,7.059155905153602e-05,0.9999248385429382
23,0.3282422721385956,0.2386423796415329,0.24632887542247772,0.6717577576637268,8.383524254895747e-05,7.721193105680868e-05,7.059155905153602e-05,0.9999161958694458
24,0.27752965688705444,0.18781787157058716,0.19164767861366272,0.7224704027175903,0.00011615607218118384,9.336878429166973e-05,7.059155905153602e-05,0.9998838305473328
25,0.25658512115478516,0.17732593417167664,0.17949290573596954,0.7434148788452148,0.00012859345588367432,9.958822192857042e-05,7.059155905153602e-05,0.9998714327812195
26,0.4573744237422943,0.3227636218070984,0.3251219093799591,0.5426256060600281,0.044712040573358536,0.02286805398762226,0.021598201245069504,0.9552879333496094
27,0.42797136306762695,0.31220513582229614,0.31444185972213745,0.572028636932373,0.37288063764572144,0.22918441891670227,0.29900825023651123,0.6271193623542786
28,0.42854389548301697,0.29455193877220154,0.30059343576431274,0.5714560747146606,0.01832462288439274,0.009281960316002369,0.0007059155614115298,0.9816753268241882
29,0.26831966638565063,0.17116694152355194,0.17263704538345337,0.7316803932189941,0.00016836625582072884,0.00011946997983613983,7.059155905153602e-05,0.9998315572738647
30,0.4016268849372864,0.2827206254005432,0.2836572527885437,0.5983731150627136,0.103909932076931,0.05483555793762207,0.04877876490354538,0.8960901498794556
31,0.3166414797306061,0.20210060477256775,0.20351901650428772,0.6833585500717163,0.0263624619692564,0.013392103835940361,0.005506141576915979,0.9736374616622925
32,0.35888516902923584,0.24611935019493103,0.25207626819610596,0.6411148309707642,0.04478137567639351,0.022937947884202003,0.017647888511419296,0.9552186131477356
33,0.22469329833984375,0.14849773049354553,0.14940252900123596,0.775306761264801,0.07623177766799927,0.03966016694903374,0.03819003328680992,0.9237682223320007
34,0.3767622113227844,0.27021366357803345,0.2765173614025116,0.6232377290725708,0.4132883548736572,0.26049426198005676,0.2571408450603485,0.5867116451263428
35,0.414110004901886,0.28470179438591003,0.2868044972419739,0.585889995098114,0.6153262853622437,0.4443989098072052,0.46034660935401917,0.38467371463775635
36,0.40356922149658203,0.29548245668411255,0.2973436713218689,0.596430778503418,0.5868714451789856,0.4153166115283966,0.43756988644599915,0.4131285548210144
37,0.3690045177936554,0.2575555443763733,0.25938349962234497,0.630995512008667,0.6140357851982117,0.44305333495140076,0.4509562849998474,0.38596421480178833
38,0.45056095719337463,0.3332224190235138,0.3360418975353241,0.5494390726089478,0.4720512628555298,0.30896836519241333,0.30667686462402344,0.5279487371444702
39,0.4083929657936096,0.2947750985622406,0.29543566703796387,0.5916069746017456,0.5993005037307739,0.4278753697872162,0.43183353543281555,0.40069952607154846
40,0.38839972019195557,0.2873683273792267,0.28816279768943787,0.6116002798080444,0.5071886777877808,0.33977633714675903,0.3405328094959259,0.49281129240989685
41,0.4234543740749359,0.29308444261550903,0.30195289850234985,0.5765455961227417,0.5774866342544556,0.4059808552265167,0.4111424684524536,0.4225133955478668
42,0.45910143852233887,0.33518603444099426,0.3362475335597992,0.5408985018730164,0.563107430934906,0.3919120728969574,0.3970084488391876,0.436892569065094
43,0.4318910539150238,0.2957674264907837,0.3071648180484772,0.5681089162826538,0.5520005226135254,0.38122910261154175,0.4005172550678253,0.4479994773864746
44,0.39245620369911194,0.24868051707744598,0.24900074303150177,0.6075438261032104,0.5285729765892029,0.3592401444911957,0.39322230219841003,0.4714270234107971
45,0.4442790150642395,0.3067511022090912,0.3077530264854431,0.5557209849357605,0.44137337803840637,0.28320467472076416,0.28822797536849976,0.558626651763916
46,0.31917744874954224,0.2182316780090332,0.21828706562519073,0.680822491645813,0.4464111626148224,0.28736412525177,0.2937483787536621,0.5535888671875
47,0.4592129588127136,0.31796795129776,0.3198143541812897,0.5407869219779968,0.45805618166923523,0.2970867156982422,0.30765604972839355,0.5419437885284424
48,0.5044631958007812,0.3572961986064911,0.3585260808467865,0.4955368638038635,0.5349888801574707,0.36519765853881836,0.37422093749046326,0.4650111198425293
49,0.5908626317977905,0.436885267496109,0.4385543763637543,0.4091373383998871,0.5665221810340881,0.3952283263206482,0.39658647775650024,0.43347781896591187
50,0.3879212737083435,0.2823054790496826,0.2834288477897644,0.6120787858963013,0.536175012588501,0.36630505323410034,0.36669841408729553,0.463824987411499
51,0.4461486339569092,0.31917843222618103,0.31928688287734985,0.5538513660430908,0.5297253131866455,0.36031171679496765,0.3605150282382965,0.4702746868133545
52,0.4628869593143463,0.32510906457901,0.3260470926761627,0.5371130704879761,0.4609120786190033,0.29949522018432617,0.300410658121109,0.5390878915786743
53,0.536353349685669,0.4015235900878906,0.402524471282959,0.46364665031433105,0.27547377347946167,0.15976840257644653,0.15680745244026184,0.7245262265205383
54,0.38158878684043884,0.2584649324417114,0.2589540183544159,0.6184112429618835,0.5093955993652344,0.3417596220970154,0.34568652510643005,0.4906044006347656
55,0.4116073548793793,0.29855725169181824,0.2977612316608429,0.5883926153182983,0.5811305046081543,0.40958908200263977,0.4169725179672241,0.4188694953918457
56,0.38058745861053467,0.28124457597732544,0.2818782329559326,0.6194125413894653,0.4777507185935974,0.3138669729232788,0.3152974247932434,0.5222492814064026
57,0.4181463122367859,0.2910890281200409,0.2927253842353821,0.5818537473678589,0.2921464443206787,0.17108945548534393,0.16876134276390076,0.7078535556793213
58,0.44842395186424255,0.3195623755455017,0.321198970079422,0.5515760183334351,0.03302968293428421,0.01682685874402523,0.013200621120631695,0.9669703245162964
59,0.4801059663295746,0.33539459109306335,0.3369940519332886,0.5198940634727478,0.08354747295379639,0.043628592044115067,0.03833121433854103,0.9164525270462036
60,0.4447055459022522,0.29723650217056274,0.2979736030101776,0.555294394493103,0.048186223953962326,0.02472233772277832,0.02061273530125618,0.951813817024231
61,0.5383833646774292,0.38176965713500977,0.38316765427589417,0.4616166651248932,0.2063121348619461,0.11505237966775894,0.11061728745698929,0.7936878800392151
62,0.45617055892944336,0.3036290109157562,0.30474430322647095,0.5438295006752014,0.039827167987823486,0.020352769643068314,0.0160948745906353,0.9601728320121765
63,0.4984598755836487,0.3506065309047699,0.3528497815132141,0.5015401840209961,0.24913696944713593,0.14232371747493744,0.1367785483598709,0.7508630156517029
64,0.4991362690925598,0.3823952078819275,0.3841649889945984,0.500863790512085,0.6137164831161499,0.4427240490913391,0.44577157497406006,0.3862835168838501
65,0.4411584734916687,0.30952784419059753,0.3096681237220764,0.5588414669036865,0.6380664110183716,0.46851611137390137,0.4700011909008026,0.3619335889816284
66,0.46363943815231323,0.3298184871673584,0.33253076672554016,0.5363605618476868,0.5837328433990479,0.4121761620044708,0.4170350432395935,0.41626715660095215
67,0.4320603311061859,0.29272085428237915,0.29428622126579285,0.5679396390914917,0.22587797045707703,0.12734805047512054,0.12382197380065918,0.7741219997406006
68,0.5405082106590271,0.3885436952114105,0.3892601430416107,0.4594917297363281,0.03733145818114281,0.019055387005209923,0.01644783280789852,0.9626685380935669
69,0.4642353653907776,0.3337478041648865,0.3342144191265106,0.5357646346092224,0.037009503692388535,0.018888257443904877,0.015741916373372078,0.9629905819892883
70,0.4264339804649353,0.29346340894699097,0.29414910078048706,0.5735660195350647,0.00020335722365416586,0.0001369757519569248,7.059155905153602e-05,0.9997966885566711
71,0.4491603374481201,0.312120646238327,0.3125041127204895,0.5508396029472351,0.002107677049934864,0.0010902044596150517,0.0003529577807057649,0.9978922605514526
72,0.5574126243591309,0.3946528136730194,0.3963099420070648,0.44258737564086914,0.01801222935318947,0.009122933261096478,0.0075532966293394566,0.9819877743721008
73,0.5810413360595703,0.4314342439174652,0.4328426718711853,0.4189586043357849,0.3154570162296295,0.18729428946971893,0.1838764250278473,0.6845430135726929
74,0.42933759093284607,0.2974143326282501,0.29872196912765503,0.5706623792648315,0.5009362101554871,0.33418911695480347,0.33460524678230286,0.49906378984451294
75,0.4718998968601227,0.3214649558067322,0.32230085134506226,0.5281001329421997,0.14457881450653076,0.07795491069555283,0.0756741464138031,0.8554211854934692
76,0.43904465436935425,0.3018350303173065,0.30342626571655273,0.5609553456306458,0.48809748888015747,0.3228599727153778,0.3229418694972992,0.5119025111198425
77,0.5315068960189819,0.37762022018432617,0.3785058856010437,0.4684930741786957,0.5361688137054443,0.36629951000213623,0.3664395213127136,0.46383118629455566
78,0.5418401956558228,0.3807583451271057,0.38276582956314087,0.45815974473953247,0.5916174650192261,0.4200877547264099,0.4202166199684143,0.40838250517845154
79,0.5578125715255737,0.4064871370792389,0.407828152179718,0.4421873986721039,0.5871778726577759,0.4156256914138794,0.4164953827857971,0.4128221571445465
80,0.5825085639953613,0.4313691556453705,0.4322165548801422,0.41749143600463867,0.5942099094390869,0.4227033257484436,0.42502066493034363,0.4057900905609131
81,0.4525979161262512,0.3034496605396271,0.3046027719974518,0.5474020838737488,0.2703164219856262,0.15631021559238434,0.15292887389659882,0.7296835780143738
82,0.5516613721847534,0.3991379141807556,0.4028054177761078,0.4483385980129242,0.25839903950691223,0.1483941227197647,0.14936983585357666,0.7416009902954102
83,0.5520389080047607,0.4059891104698181,0.4072267413139343,0.4479610323905945,0.030297981575131416,0.015416639856994152,0.012614517472684383,0.9697019457817078
84,0.49509063363075256,0.34719163179397583,0.3483366370201111,0.5049093961715698,0.012280537746846676,0.006213258486241102,0.005223775282502174,0.9877194166183472
85,0.48717451095581055,0.3367644250392914,0.3379780650138855,0.5128254890441895,0.008595175109803677,0.004351251758635044,0.004023718647658825,0.9914048314094543
86,0.5185436010360718,0.36462026834487915,0.3661622107028961,0.48145636916160583,0.2869894504547119,0.16756440699100494,0.16575206816196442,0.7130105495452881
87,0.4988881051540375,0.36791735887527466,0.369454562664032,0.5011118650436401,0.542904794216156,0.3726152181625366,0.373416006565094,0.457095205783844
88,0.5100122690200806,0.3765202462673187,0.377559095621109,0.48998770117759705,0.6124005913734436,0.44135355949401855,0.44231194257736206,0.3875994086265564
89,0.5258840322494507,0.37402206659317017,0.379955530166626,0.4741159975528717,0.25758910179138184,0.14786192774772644,0.14715291559696198,0.7424108982086182
90,0.4937906265258789,0.33661001920700073,0.3379210829734802,0.5062094330787659,0.12216345965862274,0.06508756428956985,0.0636344850063324,0.8778365254402161
91,0.4835965633392334,0.32868513464927673,0.3296698331832886,0.5164033770561218,0.15159626305103302,0.0820462554693222,0.0809803232550621,0.8484037518501282
92,0.5709105730056763,0.41709786653518677,0.4174537658691406,0.4290894567966461,0.12951044738292694,0.0692712813615799,0.06834079325199127,0.8704894781112671
93,0.5532342195510864,0.40609613060951233,0.4067193865776062,0.4467657506465912,0.19689752161502838,0.10922979563474655,0.10635662823915482,0.8031024932861328
94,0.47127875685691833,0.33703476190567017,0.33779534697532654,0.5287212133407593,0.09223034232854843,0.04837789759039879,0.04754569008946419,0.9077696800231934
95,0.498859167098999,0.3515929579734802,0.35265642404556274,0.501140832901001,0.39383089542388916,0.24522466957569122,0.24576793611049652,0.6061691045761108
96,0.5375281572341919,0.389446884393692,0.39044976234436035,0.4624718129634857,0.26811113953590393,0.1548362523317337,0.1526385247707367,0.7318888902664185
97,0.5299202799797058,0.37445008754730225,0.3758494257926941,0.4700797498226166,0.11445885896682739,0.06073614954948425,0.05872506648302078,0.8855411410331726
98,0.5195162892341614,0.36827370524406433,0.3691370487213135,0.4804837107658386,0.016590440645813942,0.008399580605328083,0.008399209938943386,0.983409583568573
99,0.5076471567153931,0.35641735792160034,0.35789981484413147,0.4923528730869293,0.029477175325155258,0.014993766322731972,0.014168898575007915,0.9705227613449097
100,0.5685078501701355,0.4100770354270935,0.4112202227115631,0.4314921498298645,0.03965064510703087,0.020260773599147797,0.018513305112719536,0.9603493809700012
101,0.5424684286117554,0.3971248269081116,0.39815786480903625,0.457531601190567,0.05298455432057381,0.027247384190559387,0.02530577778816223,0.9470154643058777
102,0.4786983132362366,0.34963029623031616,0.3507903218269348,0.5213017463684082,0.13349567353725433,0.0715535432100296,0.06877616792917252,0.8665043115615845
103,0.5363319516181946,0.3898480236530304,0.39108172059059143,0.46366795897483826,0.09947538375854492,0.05237396061420441,0.050905290991067886,0.9005246162414551
104,0.5307144522666931,0.3913196921348572,0.3916592597961426,0.4692855477333069,0.10198120772838593,0.05376342684030533,0.05261316895484924,0.8980187177658081
105,0.541128396987915,0.3996966779232025,0.4084576666355133,0.45887160301208496,0.6169022917747498,0.4460464417934418,0.4473700523376465,0.38309770822525024
106,0.4998341500759125,0.3602175712585449,0.36168473958969116,0.5001658201217651,0.6137443780899048,0.44275179505348206,0.4437403678894043,0.3862556219100952
107,0.4275543689727783,0.3087088465690613,0.3095993101596832,0.5724456906318665,0.6058743596076965,0.43460744619369507,0.4368390142917633,0.39412564039230347
108,0.4884563386440277,0.3467281758785248,0.34757208824157715,0.5115436315536499,0.6059487462043762,0.4346819221973419,0.43617239594459534,0.3940512537956238
109,0.5325466394424438,0.37830179929733276,0.3799571394920349,0.46745333075523376,0.6000067591667175,0.4285926818847656,0.4317883551120758,0.39999324083328247
110,0.5653138756752014,0.4133833944797516,0.41498106718063354,0.4346861243247986,0.5868184566497803,0.4152635931968689,0.41739389300346375,0.4131815433502197
111,0.5630477070808411,0.41416606307029724,0.41690993309020996,0.43695229291915894,0.5652728080749512,0.3940085470676422,0.3987167775630951,0.43472719192504883
112,0.46209850907325745,0.32129210233688354,0.32304713129997253,0.5379014611244202,0.5639420747756958,0.3927188813686371,0.39533141255378723,0.4360579550266266
113,0.5618734359741211,0.4120728373527527,0.41332894563674927,0.4381265640258789,0.5632591843605042,0.3920588791370392,0.3931378126144409,0.43674081563949585
114,0.5591761469841003,0.4078516364097595,0.4091292917728424,0.44082385301589966,0.46301281452178955,0.30126953125,0.30260857939720154,0.5369871854782104
115,0.6189916133880615,0.47215718030929565,0.4731213450431824,0.38100841641426086,0.20500528812408447,0.11423975974321365,0.1102551743388176,0.7949947118759155
116,0.5253008604049683,0.37139588594436646,0.371995210647583,0.4746991693973541,0.1499430388212204,0.08107998222112656,0.07826635986566544,0.8500569462776184
117,0.589501678943634,0.42807912826538086,0.4288441240787506,0.41049832105636597,0.17629078030586243,0.09669741243124008,0.0941847488284111,0.8237093091011047
118,0.5722742080688477,0.4149300456047058,0.41608676314353943,0.42772573232650757,0.39694511890411377,0.24764305353164673,0.24830502271652222,0.6030548810958862
119,0.5977051258087158,0.44171494245529175,0.44333595037460327,0.4022948741912842,0.5543650388717651,0.3834957778453827,0.38635292649269104,0.4456349313259125
120,0.5793148279190063,0.42285236716270447,0.4243353307247162,0.42068520188331604,0.6048066020011902,0.43351107835769653,0.43451622128486633,0.3951933979988098
121,0.5333553552627563,0.394325852394104,0.39472246170043945,0.46664467453956604,0.6128352284431458,0.44180724024772644,0.4435802400112152,0.38716477155685425
122,0.5886504650115967,0.43588533997535706,0.436689555644989,0.4113495945930481,0.5684493780136108,0.39710649847984314,0.39970648288726807,0.4315505921840668
123,0.5408846139907837,0.3893933892250061,0.39026862382888794,0.4591154158115387,0.48370835185050964,0.3190307021141052,0.3180731236934662,0.516291618347168
124,0.5221371054649353,0.3673982322216034,0.3687289357185364,0.4778628349304199,0.3929312229156494,0.24452704191207886,0.24527417123317719,0.6070687770843506
125,0.5079119205474854,0.36061400175094604,0.36128097772598267,0.49208807945251465,0.21434006094932556,0.12006359547376633,0.11879253387451172,0.785659909248352
126,0.4858947694301605,0.33789965510368347,0.3384234607219696,0.5141052007675171,0.07676190882921219,0.039946049451828,0.03840820863842964,0.9232380986213684
127,0.6440086960792542,0.4919639527797699,0.49389737844467163,0.35599130392074585,0.04868203401565552,0.024982456117868423,0.02420203387737274,0.9513179659843445
128,0.4902467727661133,0.34093818068504333,0.34261375665664673,0.5097532868385315,0.017570044845342636,0.008897853083908558,0.008753352798521519,0.9824299812316895
129,0.541688084602356,0.38367873430252075,0.38562315702438354,0.45831194519996643,0.16423262655735016,0.08949314057826996,0.08713217824697495,0.835767388343811
130,0.47254619002342224,0.3279814124107361,0.32913583517074585,0.5274538397789001,0.29280245304107666,0.17153821885585785,0.17061707377433777,0.7071975469589233
131,0.6621265411376953,0.5132585763931274,0.514666736125946,0.3378734886646271,0.36027762293815613,0.21974578499794006,0.21638932824134827,0.6397223472595215
132,0.5770273804664612,0.4384055733680725,0.43969297409057617,0.4229726195335388,0.5978798866271973,0.42642760276794434,0.43005892634391785,0.40212011337280273
133,0.5536433458328247,0.39543160796165466,0.3975606858730316,0.4463566839694977,0.5287365913391113,0.35939592123031616,0.36273089051246643,0.47126340866088867
134,0.5343528389930725,0.3910384774208069,0.39179858565330505,0.4656471312046051,0.4868890345096588,0.3218030333518982,0.3233817219734192,0.5131109952926636
135,0.5329939126968384,0.37683793902397156,0.37777915596961975,0.467006117105484,0.589346706867218,0.4178014397621155,0.42028799653053284,0.410653293132782
136,0.5575128197669983,0.4024718403816223,0.4033682346343994,0.4424871802330017,0.5180092453956604,0.3495579957962036,0.35101214051246643,0.4819907546043396
137,0.5324386954307556,0.3913659155368805,0.39257320761680603,0.4675613045692444,0.33242180943489075,0.19937139749526978,0.19906803965568542,0.6675782203674316
138,0.6024197936058044,0.4430745542049408,0.44484955072402954,0.3975801467895508,0.10373228788375854,0.05473620444536209,0.05306718498468399,0.8962677121162415
139,0.5216770768165588,0.3638354241847992,0.36462143063545227,0.47832292318344116,0.03293099254369736,0.016775809228420258,0.016014108434319496,0.9670690298080444
140,0.5507024526596069,0.4152386784553528,0.4158478379249573,0.4492975175380707,0.5253974199295044,0.3563189208507538,0.3595714867115021,0.474602609872818
141,0.6127607226371765,0.46610745787620544,0.4690341055393219,0.3872392773628235,0.6084203720092773,0.43723300099372864,0.4379153847694397,0.39157962799072266
142,0.5726217031478882,0.43404659628868103,0.4348713755607605,0.4273783266544342,0.6084420084953308,0.4372558891773224,0.4414730668067932,0.3915579915046692
143,0.5623249411582947,0.41195741295814514,0.41357216238975525,0.43767499923706055,0.5471064448356628,0.3765840530395508,0.38065898418426514,0.45289355516433716
144,0.5814167857170105,0.41518789529800415,0.41710153222084045,0.4185832142829895,0.41675832867622375,0.2632567286491394,0.26129528880119324,0.5832417011260986
145,0.5624387860298157,0.4097959101200104,0.4107738435268402,0.4375612735748291,0.5608440041542053,0.38972344994544983,0.3929585814476013,0.4391559958457947
146,0.5657776594161987,0.4112096428871155,0.41241925954818726,0.4342222809791565,0.5673409700393677,0.39602479338645935,0.3987556993961334,0.4326590597629547
147,0.6173157691955566,0.46099916100502014,0.4621501564979553,0.3826841711997986,0.5797318816184998,0.4082041382789612,0.410464882850647,0.42026811838150024
148,0.517802894115448,0.38090768456459045,0.3822886347770691,0.482197105884552,0.5398077964782715,0.36970382928848267,0.3720805048942566,0.4601922035217285
149,0.5941559076309204,0.44114288687705994,0.4422799050807953,0.4058440625667572,0.46541857719421387,0.30330929160118103,0.30534401535987854,0.5345814228057861
150,0.5715910196304321,0.42908740043640137,0.43065887689590454,0.4284089207649231,0.4575214385986328,0.29663726687431335,0.2982628047466278,0.5424785614013672
151,0.6041692495346069,0.45593294501304626,0.4564541280269623,0.39583078026771545,0.41774678230285645,0.26404470205307007,0.26423171162605286,0.5822532176971436
152,0.5945762991905212,0.44217705726623535,0.44354501366615295,0.405423641204834,0.42853084206581116,0.272719144821167,0.27347803115844727,0.5714691877365112
153,0.6116234660148621,0.46302881836891174,0.46404990553855896,0.38837650418281555,0.40286123752593994,0.25226497650146484,0.2535918056964874,0.5971387624740601
154,0.6306604743003845,0.4839027523994446,0.48501673340797424,0.36933955550193787,0.369606614112854,0.22672396898269653,0.22751358151435852,0.630393385887146
155,0.5814710855484009,0.4195987582206726,0.4213933050632477,0.41852888464927673,0.5042440891265869,0.33713850378990173,0.3374808728694916,0.4957559108734131
156,0.5569288730621338,0.4113394618034363,0.41207820177078247,0.443071186542511,0.49976301193237305,0.3331451117992401,0.33468177914619446,0.500236988067627
157,0.5833435654640198,0.43305259943008423,0.43461161851882935,0.4166564345359802,0.34216758608818054,0.20642180740833282,0.20549549162387848,0.6578323841094971
158,0.658371090888977,0.5012113451957703,0.5035228729248047,0.3416289687156677,0.4982573091983795,0.3318089246749878,0.33404240012168884,0.5017427206039429
159,0.5534940958023071,0.40011587738990784,0.4015346169471741,0.44650593400001526,0.43143677711486816,0.2750774323940277,0.2741609215736389,0.5685632228851318
160,0.6649007797241211,0.5093825459480286,0.5106049180030823,0.3350992500782013,0.4579200744628906,0.2969738841056824,0.2971290349960327,0.5420799255371094
161,0.6000292897224426,0.4576346278190613,0.45944610238075256,0.39997074007987976,0.3368456959724426,0.2025618702173233,0.20113785564899445,0.6631543040275574
162,0.6256691217422485,0.4625452160835266,0.46338310837745667,0.37433087825775146,0.3194635808467865,0.19012406468391418,0.18926377594470978,0.6805363893508911
163,0.6168988943099976,0.4542781412601471,0.45638251304626465,0.38310113549232483,0.38157135248184204,0.23579299449920654,0.23454394936561584,0.618428647518158
164,0.5681818127632141,0.41073840856552124,0.4116668701171875,0.4318181872367859,0.44723138213157654,0.2880466878414154,0.28790733218193054,0.5527685880661011
165,0.64369136095047,0.4918076992034912,0.4945254325866699,0.35630863904953003,0.5171826481819153,0.3488060534000397,0.35109373927116394,0.4828173518180847
166,0.5865626335144043,0.4374291002750397,0.4397294521331787,0.4134373664855957,0.2546325623989105,0.1459205150604248,0.14116735756397247,0.7453674077987671
167,0.49549660086631775,0.3609500527381897,0.3625752329826355,0.5045033693313599,0.06454408168792725,0.033382218331098557,0.030656728893518448,0.9354559183120728
168,0.55404132604599,0.38896602392196655,0.3892601728439331,0.44595867395401,0.4669492244720459,0.304611474275589,0.3041437566280365,0.5330507755279541
169,0.5863105654716492,0.4393989145755768,0.441070556640625,0.4136894643306732,0.5324963927268982,0.3628804385662079,0.3645704984664917,0.4675036072731018
170,0.6000798940658569,0.44382596015930176,0.4449039399623871,0.3999200761318207,0.6081807613372803,0.4369869530200958,0.43953099846839905,0.3918192386627197
171,0.565912663936615,0.4198625981807709,0.42154526710510254,0.434087336063385,0.6308501362800598,0.4607778787612915,0.462390661239624,0.3691498637199402
172,0.5702773332595825,0.4217955470085144,0.42318159341812134,0.4297226369380951,0.5378632545471191,0.367882639169693,0.3686547875404358,0.46213674545288086
173,0.6778421998023987,0.5239973664283752,0.5262326598167419,0.3221578001976013,0.41499465703964233,0.26185110211372375,0.26312482357025146,0.5850053429603577
174,0.6322773694992065,0.46858835220336914,0.46970677375793457,0.36772260069847107,0.31845372915267944,0.18940991163253784,0.18905436992645264,0.6815462708473206
175,0.6398333311080933,0.487647145986557,0.4887619912624359,0.3601666986942291,0.2747909128665924,0.15930922329425812,0.15615995228290558,0.72520911693573
176,0.5679884552955627,0.41109174489974976,0.4122583270072937,0.43201154470443726,0.3136417865753174,0.18601569533348083,0.18426328897476196,0.6863582134246826
177,0.6730080842971802,0.5251278281211853,0.527703046798706,0.3269919753074646,0.3963206708431244,0.247158482670784,0.24655994772911072,0.6036792993545532
178,0.5308176875114441,0.382784903049469,0.3832935094833374,0.46918225288391113,0.3356633484363556,0.20170798897743225,0.1993245631456375,0.6643366813659668
179,0.5663076639175415,0.42061734199523926,0.42282551527023315,0.4336923658847809,0.48545944690704346,0.32055583596229553,0.3221670687198639,0.5145405530929565
180,0.6600590944290161,0.5086654424667358,0.5109226107597351,0.3399409055709839,0.16669945418834686,0.0909605547785759,0.08993033319711685,0.8333004713058472
181,0.6124787330627441,0.4690132141113281,0.47139376401901245,0.38752132654190063,0.2329104244709015,0.1318342089653015,0.1302768588066101,0.7670896053314209
182,0.5938892960548401,0.43614092469215393,0.43790847063064575,0.4061107039451599,0.20987160503864288,0.11726891249418259,0.1151948869228363,0.7901284098625183
183,0.598008394241333,0.44726914167404175,0.447294145822525,0.401991605758667,0.44102126359939575,0.2829156219959259,0.2815686762332916,0.5589787364006042
184,0.6397403478622437,0.4818149507045746,0.4832734167575836,0.36025965213775635,0.6401489973068237,0.4707661271095276,0.4724869728088379,0.35985100269317627
185,0.5645375847816467,0.4147198796272278,0.4165132939815521,0.4354623854160309,0.6322984099388123,0.4623250663280487,0.4637565612792969,0.36770159006118774
186,0.6110227108001709,0.468235582113266,0.4692155420780182,0.3889772891998291,0.6172350645065308,0.4463961124420166,0.4480915069580078,0.38276493549346924
187,0.6011232733726501,0.45303717255592346,0.4538826048374176,0.3988766372203827,0.5617476105690002,0.3905975818634033,0.39169612526893616,0.43825238943099976
188,0.6341964602470398,0.47221535444259644,0.4737508296966553,0.3658035397529602,0.5668832063674927,0.395580530166626,0.3978405296802521,0.4331168234348297
189,0.6433507800102234,0.4931967854499817,0.49486199021339417,0.35664916038513184,0.534317135810852,0.36457374691963196,0.3672942817211151,0.46568289399147034
190,0.6308103799819946,0.4740091860294342,0.4755887985229492,0.36918967962265015,0.47388896346092224,0.3105446398258209,0.31079286336898804,0.5261110067367554
191,0.621895968914032,0.4628426432609558,0.4647231698036194,0.378104031085968,0.37654945254325867,0.231970876455307,0.2294655442237854,0.623450517654419
192,0.5600392818450928,0.4023839831352234,0.40417423844337463,0.43996065855026245,0.5366522073745728,0.3667507767677307,0.36724480986595154,0.46334782242774963
193,0.5821513533592224,0.42791882157325745,0.42943888902664185,0.4178486764431,0.5118634104728699,0.3439847528934479,0.34544962644577026,0.4881365895271301
194,0.5965428948402405,0.44972720742225647,0.4518458843231201,0.40345707535743713,0.4162748456001282,0.2628709673881531,0.26349470019340515,0.5837251543998718
195,0.6564251184463501,0.5052460432052612,0.5062629580497742,0.3435749113559723,0.4390184283256531,0.28127023577690125,0.2802886962890625,0.5609815716743469
196,0.5600630640983582,0.4113723635673523,0.41221943497657776,0.43993693590164185,0.2133735567331314,0.11945918202400208,0.1127236858010292,0.7866264581680298
197,0.6508661508560181,0.4915057122707367,0.49190419912338257,0.34913381934165955,0.4163995385169983,0.26297032833099365,0.2619394063949585,0.5836004614830017
198,0.5716637969017029,0.43449845910072327,0.43707895278930664,0.4283362030982971,0.4815666675567627,0.31717073917388916,0.3146926164627075,0.5184333324432373
199,0.6375343203544617,0.4917025566101074,0.49294334650039673,0.36246567964553833,0.29622289538383484,0.173891082406044,0.17016704380512238,0.7037770748138428
200,0.6295463442802429,0.4677501320838928,0.4695841670036316,0.3704536557197571,0.27537479996681213,0.15970160067081451,0.15456199645996094,0.7246252298355103
201,0.693710446357727,0.5446176528930664,0.5463396310806274,0.30628955364227295,0.2863069474697113,0.16709935665130615,0.163309708237648,0.7136930227279663
202,0.6344159245491028,0.4753328859806061,0.47775936126708984,0.36558404564857483,0.25346046686172485,0.1451515108346939,0.13960833847522736,0.7465395331382751
203,0.6690531373023987,0.5184927582740784,0.5204063653945923,0.3309468924999237,0.2060299962759018,0.11487694084644318,0.10972095280885696,0.793969988822937
204,0.5799616575241089,0.4255872666835785,0.42690354585647583,0.4200383722782135,0.07359124720096588,0.03823518753051758,0.03408128768205643,0.9264087677001953
205,0.6126652359962463,0.4669882655143738,0.46873241662979126,0.38733476400375366,0.18248088657855988,0.10043272376060486,0.09177927672863007,0.8175190687179565
206,0.6542125344276428,0.504360556602478,0.5067014098167419,0.3457874357700348,0.45293253660202026,0.2927930951118469,0.2917103171348572,0.5470674633979797
207,0.6145490407943726,0.4611181318759918,0.4629751145839691,0.38545089960098267,0.35985323786735535,0.21943044662475586,0.21573586761951447,0.6401467323303223
208,0.6532607078552246,0.5215415358543396,0.5235431790351868,0.346739262342453,0.3700348436832428,0.22704710066318512,0.2222767025232315,0.6299651861190796
209,0.6671204566955566,0.5118972063064575,0.513929545879364,0.33287954330444336,0.3619718551635742,0.22100740671157837,0.21941842138767242,0.6380281448364258
210,0.6803470849990845,0.5218883752822876,0.5238791108131409,0.31965288519859314,0.3465385138988495,0.20961137115955353,0.2039898782968521,0.6534614562988281
211,0.6286803483963013,0.47539830207824707,0.47731536626815796,0.3713196814060211,0.2776118218898773,0.16120783984661102,0.15763962268829346,0.7223881483078003
212,0.588175892829895,0.431155264377594,0.432997465133667,0.41182413697242737,0.5332271456718445,0.36355966329574585,0.3669489026069641,0.4667728543281555
213,0.5727818608283997,0.42223629355430603,0.42441073060035706,0.42721813917160034,0.34381240606307983,0.20762047171592712,0.20259922742843628,0.6561875939369202
214,0.6046313047409058,0.45543938875198364,0.4583017826080322,0.395368754863739,0.39194682240486145,0.2437663972377777,0.24210600554943085,0.6080532073974609
215,0.5922804474830627,0.44454923272132874,0.447060763835907,0.4077194631099701,0.33578020334243774,0.20179228484630585,0.1971801370382309,0.6642197966575623
216,0.5888199806213379,0.4401571750640869,0.44212856888771057,0.4111800789833069,0.12933750450611115,0.0691726952791214,0.06615991145372391,0.87066251039505
217,0.6502988338470459,0.5040872097015381,0.505364716053009,0.3497011661529541,0.14775726199150085,0.07980445772409439,0.07639230787754059,0.852242648601532
218,0.6861527562141418,0.5391302704811096,0.5410326719284058,0.31384730339050293,0.3127281367778778,0.18537399172782898,0.1837264746427536,0.6872718334197998
219,0.6297906637191772,0.4674723148345947,0.46994948387145996,0.370209276676178,0.3345498740673065,0.20090442895889282,0.19969235360622406,0.6654500961303711
220,0.6712509393692017,0.5158753395080566,0.5176731944084167,0.32874906063079834,0.5272381901741028,0.3580147624015808,0.35890766978263855,0.4727618098258972
221,0.692206621170044,0.5443075895309448,0.5458102226257324,0.30779337882995605,0.42621657252311707,0.27084827423095703,0.2696676254272461,0.5737833976745605
222,0.6123999357223511,0.4504832327365875,0.4520646035671234,0.38760003447532654,0.5716220736503601,0.4002101719379425,0.4024859368801117,0.4283779263496399
223,0.6107962131500244,0.4563662111759186,0.4581531584262848,0.3892037868499756,0.49849873781204224,0.3320232927799225,0.33081403374671936,0.5015012621879578
224,0.6738377809524536,0.5348871350288391,0.5365195274353027,0.32616227865219116,0.6105809807777405,0.43946877121925354,0.4397495985031128,0.3894190192222595
225,0.6123989820480347,0.452038049697876,0.45434293150901794,0.3876010775566101,0.5918305516242981,0.4203025996685028,0.4210699200630188,0.4081694483757019
226,0.6253372430801392,0.47509604692459106,0.4766824245452881,0.37466272711753845,0.6317275166511536,0.4617149233818054,0.46359190344810486,0.36827248334884644
227,0.6435846090316772,0.4836287498474121,0.4844466745853424,0.356415331363678,0.675601601600647,0.5101343989372253,0.5107735395431519,0.324398398399353
228,0.6069562435150146,0.4553848206996918,0.45866718888282776,0.3930438160896301,0.6806387305259705,0.5158982276916504,0.5200875997543335,0.31936126947402954
229,0.6606982350349426,0.50971919298172,0.5114535093307495,0.33930185437202454,0.6139258742332458,0.4429421126842499,0.4460139274597168,0.38607412576675415
230,0.6525464653968811,0.5026357173919678,0.5035040974617004,0.3474534749984741,0.6597685813903809,0.49229589104652405,0.4945806562900543,0.34023141860961914
231,0.6680540442466736,0.5114892721176147,0.5138382911682129,0.3319459557533264,0.6502068042755127,0.4817255139350891,0.48391976952552795,0.3497931957244873
232,0.6687914133071899,0.5151206851005554,0.5165257453918457,0.33120858669281006,0.5246059894561768,0.3555920720100403,0.35751861333847046,0.47539401054382324
233,0.6844989657402039,0.5376816987991333,0.538840651512146,0.31550103425979614,0.5331548452377319,0.36349204182624817,0.3680054545402527,0.4668451249599457
234,0.6380795240402222,0.47479939460754395,0.47712111473083496,0.36192041635513306,0.3846118748188019,0.23811905086040497,0.2353966236114502,0.6153881549835205
235,0.6388975381851196,0.48127198219299316,0.48291105031967163,0.36110249161720276,0.3733307123184204,0.22953303158283234,0.22826692461967468,0.6266692876815796
236,0.5937961935997009,0.4422193169593811,0.44486555457115173,0.4062038064002991,0.48477399349212646,0.31995874643325806,0.3219039738178253,0.5152260065078735
237,0.6073221564292908,0.4598861634731293,0.4622531533241272,0.39267784357070923,0.6011033058166504,0.4297170042991638,0.4311087429523468,0.3988966941833496
238,0.5471499562263489,0.3864085078239441,0.3877129852771759,0.4528500437736511,0.5123688578605652,0.34444156289100647,0.34388402104377747,0.4876311421394348
239,0.6470722556114197,0.4961751103401184,0.49750930070877075,0.3529277443885803,0.3859981894493103,0.23918238282203674,0.23898670077323914,0.6140018105506897
240,0.6963788866996765,0.5479138493537903,0.5499096512794495,0.3036211133003235,0.36900508403778076,0.22627225518226624,0.22410309314727783,0.6309949159622192
241,0.5984822511672974,0.4405020773410797,0.44206443428993225,0.401517778635025,0.5781856179237366,0.40667352080345154,0.4091218411922455,0.4218143820762634
242,0.6439502835273743,0.49922195076942444,0.5014177560806274,0.35604971647262573,0.5625529289245605,0.3913763463497162,0.39310628175735474,0.43744707107543945
243,0.6310466527938843,0.47122201323509216,0.47484636306762695,0.3689533770084381,0.5652733445167542,0.3940142095088959,0.39517876505851746,0.43472665548324585
244,0.6051911115646362,0.44993847608566284,0.45316895842552185,0.39480888843536377,0.3487558364868164,0.2112351804971695,0.20870287716388702,0.6512441635131836
245,0.660515308380127,0.5095945000648499,0.5110136270523071,0.33948469161987305,0.33765941858291626,0.20315036177635193,0.20131397247314453,0.6623405814170837
246,0.6411634683609009,0.5047117471694946,0.5062497854232788,0.3588365912437439,0.3388991951942444,0.20404815673828125,0.20407040417194366,0.6611008048057556
247,0.6199044585227966,0.46229782700538635,0.46425095200538635,0.38009554147720337,0.4253653883934021,0.2701606750488281,0.2712198495864868,0.5746346116065979
248,0.625137448310852,0.4670814871788025,0.46916475892066956,0.3748626708984375,0.5808315277099609,0.4092950224876404,0.40901437401771545,0.41916847229003906
249,0.6520651578903198,0.49588388204574585,0.4981319308280945,0.34793490171432495,0.48088884353637695,0.31658267974853516,0.3168831169605255,0.519111156463623
250,0.6010128259658813,0.444767564535141,0.44627103209495544,0.39898720383644104,0.45009922981262207,0.29042959213256836,0.2934243083000183,0.5499007701873779
251,0.698961615562439,0.5493002533912659,0.5503779649734497,0.3010384142398834,0.6169292330741882,0.4460759162902832,0.44818446040153503,0.38307076692581177
252,0.692666232585907,0.536428689956665,0.5389737486839294,0.307333767414093,0.6605944633483887,0.49321624636650085,0.493419349193573,0.33940553665161133
253,0.6516405344009399,0.4934023916721344,0.49477091431617737,0.34835952520370483,0.659617006778717,0.49212726950645447,0.49355360865592957,0.34038299322128296
254,0.6352709531784058,0.4915381968021393,0.49390506744384766,0.36472904682159424,0.6469640135765076,0.4781741797924042,0.48078298568725586,0.35303598642349243
255,0.677431046962738,0.5280731320381165,0.5305187702178955,0.3225688934326172,0.52895188331604,0.35959672927856445,0.3612920939922333,0.47104811668395996
256,0.6079477071762085,0.455106645822525,0.45718830823898315,0.39205223321914673,0.5048835873603821,0.3377112150192261,0.3406555652618408,0.4951164126396179
257,0.6669602394104004,0.514471173286438,0.517166018486023,0.333039790391922,0.4961357116699219,0.32993021607398987,0.33021271228790283,0.5038642883300781
258,0.6569989323616028,0.5120017528533936,0.5144873261451721,0.3430010676383972,0.4836924374103546,0.3190169036388397,0.32061120867729187,0.5163075923919678
259,0.706498920917511,0.5562513470649719,0.5590714812278748,0.2935011386871338,0.5256654024124146,0.35656577348709106,0.3593382239341736,0.47433462738990784
260,0.6473950147628784,0.49385038018226624,0.4961313307285309,0.3526049256324768,0.5031797289848328,0.3361881673336029,0.33994582295417786,0.49682027101516724
261,0.69471675157547,0.5452219247817993,0.5463751554489136,0.30528324842453003,0.5243397355079651,0.3553471863269806,0.35858210921287537,0.4756602644920349
262,0.6832736730575562,0.5354060530662537,0.5373722314834595,0.31672629714012146,0.4721457362174988,0.3090488910675049,0.3116688132286072,0.5278542637825012
263,0.6308531761169434,0.47095733880996704,0.4720347821712494,0.36914685368537903,0.536446750164032,0.3665584921836853,0.3717966079711914,0.463553249835968
264,0.6946521401405334,0.5468900203704834,0.5484915971755981,0.30534785985946655,0.5035744309425354,0.33654093742370605,0.3401707112789154,0.4964255690574646
265,0.6635915637016296,0.5209277272224426,0.5234491229057312,0.3364083766937256,0.5100818276405334,0.3423781394958496,0.3434704840183258,0.48991817235946655
266,0.6170730590820312,0.459223210811615,0.46024972200393677,0.38292694091796875,0.4133393168449402,0.2605343461036682,0.26255252957344055,0.5866606831550598
267,0.6650968790054321,0.5270976424217224,0.528681218624115,0.33490318059921265,0.4760541617870331,0.3124062120914459,0.3162710666656494,0.5239458084106445
268,0.6165411472320557,0.46422499418258667,0.4659951627254486,0.3834589123725891,0.5132495164871216,0.34523800015449524,0.34787970781326294,0.4867505133152008
269,0.6798486113548279,0.5246762633323669,0.5261340737342834,0.3201513886451721,0.5025168657302856,0.3355967104434967,0.33784881234169006,0.49748316407203674
270,0.6349281072616577,0.4848945140838623,0.4878639578819275,0.3650719225406647,0.5571139454841614,0.38613161444664,0.3901229500770569,0.4428860545158386
271,0.662180483341217,0.508897602558136,0.5114099979400635,0.33781957626342773,0.5276123881340027,0.35835984349250793,0.35990452766418457,0.4723876118659973
272,0.6803630590438843,0.5281447768211365,0.5295922756195068,0.3196369707584381,0.5298661589622498,0.36044201254844666,0.3593294024467468,0.47013384103775024
273,0.6640717387199402,0.5206660032272339,0.5219777822494507,0.33592820167541504,0.5261878371238708,0.357046902179718,0.35811638832092285,0.47381216287612915
274,0.6950116157531738,0.5407506227493286,0.541357159614563,0.30498841404914856,0.48917171359062195,0.32380029559135437,0.3274998366832733,0.5108282566070557
275,0.6677814722061157,0.5228279829025269,0.5252996683120728,0.3322184979915619,0.42006582021713257,0.26590096950531006,0.2672971189022064,0.5799341797828674
276,0.6499131321907043,0.4895498752593994,0.491800457239151,0.35008689761161804,0.5023848414421082,0.3354795575141907,0.3376074433326721,0.49761515855789185
277,0.663442850112915,0.5185573697090149,0.5207878351211548,0.33655714988708496,0.37024396657943726,0.22720453143119812,0.22306886315345764,0.6297560334205627
278,0.6986280679702759,0.5467620491981506,0.5484598875045776,0.30137190222740173,0.5239599347114563,0.35499870777130127,0.3570452332496643,0.4760400652885437
279,0.6978092193603516,0.55073481798172,0.5520516633987427,0.3021908104419708,0.5634300708770752,0.3922255337238312,0.3949449360370636,0.4365699291229248
280,0.6344689130783081,0.48609334230422974,0.4870624542236328,0.3655310571193695,0.6818674206733704,0.5173133611679077,0.51808762550354,0.31813257932662964
281,0.6391695737838745,0.48251786828041077,0.4845764636993408,0.3608304560184479,0.6643936038017273,0.49746331572532654,0.5001288652420044,0.3356063961982727
282,0.6739878058433533,0.5186010599136353,0.5201097726821899,0.32601219415664673,0.5849180817604065,0.4133654534816742,0.4163573682308197,0.4150819182395935
283,0.6916692852973938,0.541028618812561,0.542429506778717,0.3083307445049286,0.6276483535766602,0.4573703408241272,0.4602690637111664,0.37235164642333984
284,0.6645379066467285,0.5112778544425964,0.5147317051887512,0.3354620337486267,0.5989296436309814,0.4274994134902954,0.4298299252986908,0.40107035636901855
285,0.6598028540611267,0.4995059072971344,0.5011531114578247,0.3401970863342285,0.659177303314209,0.49163809418678284,0.4947354793548584,0.340822696685791
286,0.6518520712852478,0.5057879090309143,0.5085136890411377,0.3481479287147522,0.6302066445350647,0.4600920081138611,0.4629019498825073,0.3697933554649353
287,0.6817355751991272,0.5404230356216431,0.5420058369636536,0.3182644248008728,0.4848417639732361,0.3200175166130066,0.32203391194343567,0.5151582360267639
288,0.6019080877304077,0.46177878975868225,0.46331921219825745,0.3980918526649475,0.5102267265319824,0.3425086438655853,0.3442038893699646,0.4897732734680176
289,0.6417394876480103,0.4890897870063782,0.49074316024780273,0.3582604229450226,0.5185903906822205,0.35008764266967773,0.35247862339019775,0.48140960931777954
290,0.6792688965797424,0.5341356992721558,0.5354573130607605,0.32073110342025757,0.48026761412620544,0.31604471802711487,0.31812533736228943,0.5197323560714722
291,0.6710668206214905,0.5125266313552856,0.5146639347076416,0.3289331793785095,0.627985417842865,0.45772820711135864,0.4580408036708832,0.372014582157135
292,0.6127310395240784,0.4529837965965271,0.4541094899177551,0.3872690200805664,0.659712016582489,0.4922332763671875,0.49549728631973267,0.340287983417511
293,0.621862530708313,0.4729920029640198,0.47503629326820374,0.3781374394893646,0.5567800998687744,0.3858104348182678,0.38683372735977173,0.4432199001312256
294,0.6804208755493164,0.5300335884094238,0.531822144985199,0.3195790648460388,0.39520955085754395,0.24629448354244232,0.2437332570552826,0.604790449142456
295,0.6690458655357361,0.5104296803474426,0.5117642283439636,0.3309541642665863,0.5606328248977661,0.38951975107192993,0.3911801874637604,0.4393672049045563
296,0.6854594945907593,0.5347971320152283,0.5357122421264648,0.31454044580459595,0.4948265254497528,0.3287728428840637,0.3309299647808075,0.5051734447479248
297,0.6464996337890625,0.48733845353126526,0.48964208364486694,0.3535003960132599,0.3885812759399414,0.24116800725460052,0.23978553712368011,0.6114187240600586
298,0.6434669494628906,0.48493853211402893,0.48592472076416016,0.3565329909324646,0.4737482964992523,0.3104231357574463,0.30968353152275085,0.5262516736984253
299,0.6808812618255615,0.5321502089500427,0.5341936349868774,0.3191186487674713,0.5678212642669678,0.39649367332458496,0.40010616183280945,0.4321787357330322
0,0.10722849518060684,0.06550496816635132,0.06690451502799988,0.8927714228630066,0.03770197555422783,0.01921384036540985,0.01921384036540985,0.9622980356216431
1,0.19538883864879608,0.13184480369091034,0.13391374051570892,0.804611086845398,0.03201790526509285,0.016270076856017113,0.01627247966825962,0.9679821133613586
2,0.21109148859977722,0.13179853558540344,0.13259415328502655,0.7889085412025452,0.03770360350608826,0.019214686006307602,0.019214700907468796,0.9622963666915894
3,0.13700208067893982,0.08040723204612732,0.08871810883283615,0.8629980087280273,0.07875524461269379,0.04099353402853012,0.04097719490528107,0.921244740486145
4,0.22283676266670227,0.15621188282966614,0.15633776783943176,0.7771632075309753,0.03710848465561867,0.01890619657933712,0.01890646666288376,0.9628914594650269
5,0.21746809780597687,0.1361050307750702,0.13619464635849,0.7825318574905396,0.014872080646455288,0.007499537896364927,0.007488461211323738,0.9851279258728027
6,0.23988273739814758,0.15790799260139465,0.15794506669044495,0.7601172924041748,7.059155905153602e-05,7.059155905153602e-05,7.059155905153602e-05,0.9999294281005859
7,0.20995235443115234,0.14559540152549744,0.1455623209476471,0.7900476455688477,7.059155905153602e-05,7.059155905153602e-05,7.059155905153602e-05,0.9999294281005859
8,0.1765238344669342,0.10717370361089706,0.10719297081232071,0.8234761357307434,7.059294148348272e-05,7.059224299155176e-05,7.059155905153602e-05,0.9999294281005859
9,0.27856042981147766,0.1982826143503189,0.19834215939044952,0.7214394807815552,0.0427311435341835,0.0218327809125185,0.02183469571173191,0.9572688341140747
10,0.2308531552553177,0.15652458369731903,0.15652401745319366,0.7691469192504883,7.059155905153602e-05,7.059155905153602e-05,7.059155905153602e-05,0.9999294281005859
11,0.17173516750335693,0.09993305802345276,0.09999802708625793,0.8282648921012878,7.059158087940887e-05,7.059156632749364e-05,7.059155905153602e-05,0.9999294281005859
12,0.28061002492904663,0.1957155466079712,0.19581669569015503,0.7193899154663086,7.059532072162256e-05,7.059343624860048e-05,7.059155905153602e-05,0.9999294281005859
13,0.2364497184753418,0.16691526770591736,0.16722701489925385,0.7635502815246582,7.06520295352675e-05,7.062179065542296e-05,7.059155905153602e-05,0.9999293088912964
14,0.26950186491012573,0.16985289752483368,0.1701510101556778,0.7304981350898743,7.121868839021772e-05,7.090512372087687e-05,7.059155905153602e-05,0.9999287724494934
15,0.26901328563690186,0.16870148479938507,0.16872674226760864,0.7309867143630981,7.060899952193722e-05,7.060027564875782e-05,7.059155905153602e-05,0.9999293088912964
16,0.32787415385246277,0.22532907128334045,0.22595512866973877,0.6721258759498596,7.07544750184752e-05,7.067301339702681e-05,7.059155905153602e-05,0.9999292492866516
17,0.28957587480545044,0.1920628845691681,0.19230443239212036,0.7104240655899048,7.060367352096364e-05,7.059761264827102e-05,7.059155905153602e-05,0.9999293088912964
18,0.3723365366458893,0.24303153157234192,0.24307584762573242,0.6276634335517883,7.059213385218754e-05,7.059183553792536e-05,7.059155905153602e-05,0.9999294281005859
19,0.37710142135620117,0.2631676197052002,0.2630543112754822,0.6228986382484436,7.059157360345125e-05,7.059156632749364e-05,7.059155905153602e-05,0.9999294281005859
20,0.3979357182979584,0.2785184979438782,0.2784656286239624,0.602064311504364,7.059156632749364e-05,7.059155905153602e-05,7.059155905153602e-05,0.9999294281005859
21,0.3871380686759949,0.2860504984855652,0.286397784948349,0.6128619313240051,7.059157360345125e-05,7.059156632749364e-05,7.059155905153602e-05,0.9999294281005859
22,0.4055452346801758,0.2841462194919586,0.28407663106918335,0.5944547653198242,7.059163181111217e-05,7.059158815536648e-05,7.059155905153602e-05,0.9999294281005859
23,0.43061143159866333,0.2977113127708435,0.2981090843677521,0.5693886280059814,7.059457857394591e-05,7.059306517476216e-05,7.059155905153602e-05,0.9999294281005859
24,0.3889983892440796,0.2824217677116394,0.28284066915512085,0.6110016107559204,7.059182826196775e-05,7.059169001877308e-05,7.059155905153602e-05,0.9999294281005859
25,0.3577883839607239,0.2556849420070648,0.2558889091014862,0.6422116160392761,7.059184281388298e-05,7.059169729473069e-05,7.059155905153602e-05,0.9999294281005859
26,0.4757866859436035,0.32593098282814026,0.32596948742866516,0.5242133140563965,7.059173367451876e-05,7.05916463630274e-05,7.059155905153602e-05,0.9999294281005859
27,0.5006560683250427,0.36077722907066345,0.3608510494232178,0.4993439316749573,7.059166091494262e-05,7.059160998323932e-05,7.059155905153602e-05,0.9999294281005859
28,0.4278712272644043,0.29526782035827637,0.2954322099685669,0.5721287727355957,7.059168274281546e-05,7.059161725919694e-05,7.059155905153602e-05,0.9999294281005859
29,0.45044511556625366,0.314626544713974,0.31522512435913086,0.5495549440383911,7.059211930027232e-05,7.059184281388298e-05,7.059155905153602e-05,0.9999294281005859
30,0.5045396089553833,0.3518732190132141,0.35214272141456604,0.4954603612422943,7.059258496155962e-05,7.059206836856902e-05,7.059155905153602e-05,0.9999294281005859
31,0.4124566912651062,0.2840023636817932,0.28423720598220825,0.5875433087348938,7.059372001094744e-05,7.059264316922054e-05,7.059155905153602e-05,0.9999294281005859
32,0.5143665075302124,0.36716681718826294,0.3670942783355713,0.48563352227211,7.059427298372611e-05,7.059291237965226e-05,7.059155905153602e-05,0.9999294281005859
33,0.4076744019985199,0.27118033170700073,0.2709037661552429,0.5923255681991577,7.05992933944799e-05,7.059542986098677e-05,7.059155905153602e-05,0.9999294281005859
34,0.4352712631225586,0.30915600061416626,0.30958011746406555,0.5647287368774414,7.06057544448413e-05,7.059865311020985e-05,7.059155905153602e-05,0.9999293088912964
35,0.5309151411056519,0.3895423114299774,0.3894975781440735,0.46908482909202576,7.060962525429204e-05,7.060058851493523e-05,7.059155905153602e-05,0.9999293088912964
36,0.4568484425544739,0.32561832666397095,0.32581573724746704,0.5431515574455261,7.060253847157583e-05,7.059704512357712e-05,7.059155905153602e-05,0.9999293088912964
37,0.4216439723968506,0.30346643924713135,0.30367061495780945,0.5783560276031494,7.078988710418344e-05,7.069072307785973e-05,7.059155905153602e-05,0.9999292492866516
38,0.49808603525161743,0.36165016889572144,0.36183327436447144,0.5019139051437378,7.077604823280126e-05,7.068380364216864e-05,7.059155905153602e-05,0.9999292492866516
39,0.4364129900932312,0.31688523292541504,0.3169025778770447,0.563586950302124,7.289677887456492e-05,7.174421625677496e-05,7.059155905153602e-05,0.9999271631240845
40,0.4531698226928711,0.3283645808696747,0.32916155457496643,0.5468301773071289,0.0033208366949111223,0.0016984168905764818,0.0012000565184280276,0.9966791868209839
41,0.5275031328201294,0.37801527976989746,0.378445565700531,0.4724968373775482,0.015319330617785454,0.007753811776638031,0.006847381126135588,0.9846806526184082
42,0.5051504969596863,0.3697740435600281,0.3700729310512543,0.4948495030403137,0.008556373417377472,0.004331712611019611,0.003388394834473729,0.9914436340332031
43,0.5089582800865173,0.3634832799434662,0.36401280760765076,0.4910416007041931,0.010972809977829456,0.005551773123443127,0.003882535733282566,0.989027202129364
44,0.5614397525787354,0.41050273180007935,0.41083940863609314,0.43856024742126465,0.037040162831544876,0.018904177471995354,0.018636170774698257,0.962959885597229
45,0.5286288857460022,0.3796382546424866,0.38028985261917114,0.4713711142539978,0.057734496891498566,0.02975958213210106,0.02901313081383705,0.942265510559082
46,0.38518309593200684,0.2588735520839691,0.25905144214630127,0.6148168444633484,0.07671903073787689,0.03992355242371559,0.03960186243057251,0.9232808947563171
47,0.5465559959411621,0.4017163813114166,0.40236616134643555,0.4534440040588379,0.06185588240623474,0.03194917365908623,0.031130876392126083,0.9381440877914429
48,0.49819669127464294,0.3534058928489685,0.3538435995578766,0.5018032789230347,0.11134324967861176,0.05898688733577728,0.057885076850652695,0.888656735420227
49,0.5701607465744019,0.41750389337539673,0.41757506132125854,0.42983922362327576,0.1352013796567917,0.07253460586071014,0.07129747420549393,0.8647986650466919
50,0.4127466082572937,0.29374945163726807,0.2940914034843445,0.5872533917427063,0.1575079709291458,0.08551865071058273,0.08456868678331375,0.8424919843673706
51,0.46685791015625,0.33269304037094116,0.3328438401222229,0.5331420302391052,0.1780315339565277,0.09774567931890488,0.09685161709785461,0.8219684362411499
52,0.4598124623298645,0.32370254397392273,0.32401615381240845,0.5401875376701355,0.22930395603179932,0.12953004240989685,0.12877504527568817,0.7706960439682007
53,0.481109619140625,0.359759122133255,0.3603624403476715,0.518890380859375,0.26980432868003845,0.15596836805343628,0.15506663918495178,0.7301956415176392
54,0.4006623327732086,0.280067503452301,0.2803305387496948,0.5993376970291138,0.31513911485671997,0.18707023561000824,0.18629038333892822,0.68486088514328
55,0.423647940158844,0.30448809266090393,0.3044149875640869,0.5763520002365112,0.32565686106681824,0.19452661275863647,0.19490750133991241,0.6743431091308594
56,0.42715710401535034,0.3147776424884796,0.31473180651664734,0.5728429555892944,0.32894718647003174,0.19687849283218384,0.19672246277332306,0.6710528135299683
57,0.388556569814682,0.271426260471344,0.27148324251174927,0.6114434003829956,0.3618624806404114,0.22092604637145996,0.22097431123256683,0.6381375193595886
58,0.4850158095359802,0.3470262885093689,0.34759968519210815,0.514984130859375,0.36476901173591614,0.22309604287147522,0.2230018973350525,0.6352310180664062
59,0.4944416880607605,0.35477131605148315,0.35508981347084045,0.5055582523345947,0.336578369140625,0.20236900448799133,0.20272740721702576,0.663421630859375
60,0.49147048592567444,0.34104496240615845,0.3414243161678314,0.508529543876648,0.32917729020118713,0.197043314576149,0.19703151285648346,0.6708227396011353
61,0.5575383901596069,0.40745073556900024,0.40790098905563354,0.4424615800380707,0.33334776759147644,0.20003850758075714,0.19946564733982086,0.6666522026062012
62,0.49544715881347656,0.3470653295516968,0.34790223836898804,0.5045527219772339,0.31081774830818176,0.1840335577726364,0.183167964220047,0.6891822814941406
63,0.4627144932746887,0.324057400226593,0.32459715008735657,0.5372855067253113,0.3195473253726959,0.19018398225307465,0.1890389770269394,0.6804527044296265
64,0.4659369885921478,0.35246315598487854,0.35252663493156433,0.5340629816055298,0.33298054337501526,0.1997741460800171,0.19855214655399323,0.6670194864273071
65,0.4080634117126465,0.28988757729530334,0.29002875089645386,0.5919365882873535,0.3526139259338379,0.21407204866409302,0.2138095498085022,0.6473860740661621
66,0.41224464774131775,0.2987796664237976,0.29893630743026733,0.5877553224563599,0.3640676736831665,0.22257165610790253,0.2227667272090912,0.6359323263168335
67,0.4831463396549225,0.35695385932922363,0.3572161793708801,0.5168536901473999,0.36023035645484924,0.21971073746681213,0.21940986812114716,0.6397696733474731
68,0.5115103125572205,0.36941853165626526,0.37005615234375,0.48848971724510193,0.3665344715118408,0.22441774606704712,0.2246665209531784,0.6334655284881592
69,0.4504464566707611,0.3184453845024109,0.31851816177368164,0.5495535135269165,0.36504578590393066,0.2233029454946518,0.2223929613828659,0.6349542140960693
70,0.4235371947288513,0.288146436214447,0.2884739339351654,0.5764628052711487,0.3446442484855652,0.20822715759277344,0.2065468281507492,0.6553557515144348
71,0.401533842086792,0.2972865700721741,0.2974761128425598,0.598466157913208,0.33295273780822754,0.19975395500659943,0.1992168426513672,0.6670472621917725
72,0.5952279567718506,0.4375256597995758,0.4381459355354309,0.4047720432281494,0.3325807452201843,0.19948634505271912,0.19985999166965485,0.6674192547798157
73,0.5421733260154724,0.3933706283569336,0.39427900314331055,0.4578266143798828,0.3246912956237793,0.1938379853963852,0.19262008368968964,0.6753087043762207
74,0.4695063531398773,0.3250800371170044,0.3252379596233368,0.5304936170578003,0.31859830021858215,0.18951207399368286,0.18784993886947632,0.6814017295837402
75,0.4967331886291504,0.3520130217075348,0.35274362564086914,0.5032668113708496,0.3511650860309601,0.21300505101680756,0.21262967586517334,0.6488349437713623
76,0.4128941595554352,0.277721107006073,0.27792710065841675,0.5871058702468872,0.361840158700943,0.22090905904769897,0.22051069140434265,0.6381598711013794
77,0.5369089841842651,0.3899063467979431,0.3900342881679535,0.4630909860134125,0.35342371463775635,0.21466882526874542,0.2146582305431366,0.6465762853622437
78,0.5313668251037598,0.37627291679382324,0.3771936893463135,0.46863311529159546,0.37131625413894653,0.22801224887371063,0.2276643067598343,0.6286837458610535
79,0.5128000378608704,0.3621913492679596,0.3627689480781555,0.48719996213912964,0.376350998878479,0.23181992769241333,0.23154385387897491,0.623649001121521
80,0.5378811955451965,0.3906193971633911,0.390937864780426,0.46211886405944824,0.3729912042617798,0.22927641868591309,0.22934502363204956,0.6270087957382202
81,0.462872177362442,0.315980464220047,0.31685519218444824,0.5371278524398804,0.36860454082489014,0.22597116231918335,0.22564280033111572,0.6313954591751099
82,0.560944139957428,0.41317319869995117,0.4136592447757721,0.43905583024024963,0.37367528676986694,0.2297934740781784,0.22935524582862854,0.6263247132301331
83,0.541878342628479,0.3977150321006775,0.398681104183197,0.4581215977668762,0.33752700686454773,0.20305490493774414,0.20274528861045837,0.6624729633331299
84,0.5217759609222412,0.38281911611557007,0.38388118147850037,0.4782240390777588,0.31503406167030334,0.18699610233306885,0.18610526621341705,0.684965968132019
85,0.43641772866249084,0.30319082736968994,0.3034608066082001,0.5635823011398315,0.32414162158966064,0.19344648718833923,0.1926579773426056,0.6758583784103394
86,0.5561795830726624,0.403930127620697,0.4047907888889313,0.44382041692733765,0.32156386971473694,0.19161370396614075,0.19087660312652588,0.6784361600875854
87,0.4796988070011139,0.35021576285362244,0.3507019579410553,0.5203011631965637,0.31552842259407043,0.18734441697597504,0.18659751117229462,0.684471607208252
88,0.4580928385257721,0.3390759825706482,0.33925381302833557,0.5419071912765503,0.29815489053726196,0.1752239614725113,0.1726144552230835,0.701845109462738
89,0.5424844026565552,0.39725303649902344,0.397551953792572,0.45751556754112244,0.30395761132240295,0.1792445331811905,0.1779756098985672,0.6960424184799194
90,0.5122156143188477,0.3627732992172241,0.3637342154979706,0.48778438568115234,0.3037661612033844,0.17911145091056824,0.17745214700698853,0.696233868598938
91,0.4623034596443176,0.31305795907974243,0.3136972188949585,0.5376965999603271,0.30140605568885803,0.1774732619524002,0.1757316291332245,0.6985939741134644
92,0.5439417958259583,0.40300554037094116,0.40330037474632263,0.45605820417404175,0.3123733103275299,0.1851247400045395,0.183659166097641,0.6876267194747925
93,0.5322766304016113,0.3896673023700714,0.390371710062027,0.46772336959838867,0.3101615607738495,0.18357370793819427,0.18262211978435516,0.6898384094238281
94,0.4461515545845032,0.3288101553916931,0.32902979850769043,0.5538484454154968,0.3347724974155426,0.20106501877307892,0.2016936093568802,0.6652275323867798
95,0.4627338945865631,0.32655230164527893,0.3274970054626465,0.5372661352157593,0.3070332705974579,0.181386798620224,0.17996211349964142,0.6929666996002197
96,0.5352045893669128,0.3891713321208954,0.38971179723739624,0.46479544043540955,0.31385913491249084,0.18616899847984314,0.1849128007888794,0.6861408948898315
97,0.4545842707157135,0.3178090751171112,0.31820058822631836,0.5454157590866089,0.3171124756336212,0.18846192955970764,0.1876882165670395,0.6828875541687012
98,0.47074800729751587,0.3345988392829895,0.33510953187942505,0.5292520523071289,0.3254813551902771,0.19440117478370667,0.192721426486969,0.6745186448097229
99,0.46418747305870056,0.3227621614933014,0.3228984475135803,0.535812497138977,0.32748132944107056,0.19582930207252502,0.19493477046489716,0.6725186705589294
100,0.5432872772216797,0.39440807700157166,0.3953486382961273,0.4567127227783203,0.3417801856994629,0.20614032447338104,0.20641115307807922,0.6582198143005371
101,0.5097428560256958,0.37039464712142944,0.3710079789161682,0.4902571737766266,0.3581746220588684,0.2181835174560547,0.21790316700935364,0.6418253779411316
102,0.418802410364151,0.31200888752937317,0.3124794661998749,0.5811976194381714,0.3426579236984253,0.20677903294563293,0.20679570734500885,0.6573420763015747
103,0.5290573835372925,0.3872930109500885,0.38765767216682434,0.47094249725341797,0.33716198801994324,0.20279066264629364,0.2018795609474182,0.6628379821777344
104,0.4950595498085022,0.35639283061027527,0.356376588344574,0.504940390586853,0.3268192708492279,0.19535620510578156,0.1950111836194992,0.6731806993484497
105,0.5115728378295898,0.37763717770576477,0.37856531143188477,0.48842716217041016,0.32576984167099,0.1946069747209549,0.1941455900669098,0.67423015832901
106,0.4617929458618164,0.33092907071113586,0.3309316635131836,0.5382070541381836,0.3110707998275757,0.18421073257923126,0.18296265602111816,0.6889292001724243
107,0.4180920720100403,0.29796773195266724,0.29868826270103455,0.5819079279899597,0.29188859462738037,0.1709127426147461,0.16771532595157623,0.7081114053726196
108,0.45513492822647095,0.330779492855072,0.3316269516944885,0.544865071773529,0.3194543421268463,0.19011780619621277,0.18831394612789154,0.6805456876754761
109,0.5043334364891052,0.3662630617618561,0.3668118119239807,0.4956665635108948,0.3304867744445801,0.1979818046092987,0.1965390294790268,0.6695132255554199
110,0.509712815284729,0.37487027049064636,0.37591493129730225,0.4902871549129486,0.3453298807144165,0.20872755348682404,0.2087789922952652,0.6546701192855835
111,0.5059885382652283,0.36757132411003113,0.3681749403476715,0.49401146173477173,0.3322555720806122,0.19925230741500854,0.1983591765165329,0.6677443981170654
112,0.41106757521629333,0.28452178835868835,0.2852150797843933,0.5889323949813843,0.3523956835269928,0.21391086280345917,0.21330560743808746,0.6476043462753296
113,0.4931417405605316,0.36211684346199036,0.36241596937179565,0.5068583488464355,0.3570823669433594,0.2173735499382019,0.21599334478378296,0.6429176330566406
114,0.45135411620140076,0.3184605836868286,0.3191205859184265,0.5486458539962769,0.3440597951412201,0.2078004628419876,0.20612485706806183,0.6559401750564575
115,0.5691545605659485,0.4229537844657898,0.4238080382347107,0.4308454394340515,0.3423630893230438,0.2065642774105072,0.20548895001411438,0.6576368808746338
116,0.4517976641654968,0.309759259223938,0.30998748540878296,0.5482023358345032,0.3279135227203369,0.19613821804523468,0.19420914351940155,0.6720864772796631
117,0.45152387022972107,0.3172485828399658,0.3178711533546448,0.5484760999679565,0.32143712043762207,0.1915234923362732,0.18984347581863403,0.6785628795623779
118,0.6132959127426147,0.47152718901634216,0.4722592830657959,0.38670405745506287,0.3257269859313965,0.19457626342773438,0.1932205706834793,0.6742730140686035
119,0.5111384987831116,0.3612046539783478,0.3615318536758423,0.4888615012168884,0.35320472717285156,0.21450725197792053,0.21376535296440125,0.6467952728271484
120,0.5224724411964417,0.3797838091850281,0.379888653755188,0.47752755880355835,0.3502698242664337,0.21234673261642456,0.21076731383800507,0.6497302055358887
121,0.4711915850639343,0.3385266661643982,0.3388749361038208,0.5288084149360657,0.35694098472595215,0.21726885437965393,0.21714365482330322,0.6430590152740479
122,0.5240119695663452,0.378246933221817,0.37884649634361267,0.4759880006313324,0.37209218740463257,0.22859743237495422,0.22722868621349335,0.6279078125953674
123,0.417856365442276,0.2906619608402252,0.29073289036750793,0.5821436643600464,0.37426936626434326,0.2302427440881729,0.22918544709682465,0.6257306337356567
124,0.46057623624801636,0.3179481625556946,0.31814199686050415,0.5394237637519836,0.3738613724708557,0.22993402183055878,0.22970543801784515,0.6261386275291443
125,0.41334646940231323,0.2932881712913513,0.2934896647930145,0.5866534113883972,0.34350281953811646,0.20739440619945526,0.20686545968055725,0.6564971804618835
126,0.41133007407188416,0.28109675645828247,0.28177398443222046,0.5886698961257935,0.34031426906585693,0.20507492125034332,0.20357786118984222,0.6596857309341431
127,0.6061191558837891,0.4538149833679199,0.45411333441734314,0.39388084411621094,0.35760197043418884,0.2177586853504181,0.21750590205192566,0.6423979997634888
128,0.46585941314697266,0.3207610249519348,0.3217043876647949,0.5341405868530273,0.3520858883857727,0.213682621717453,0.2122364342212677,0.6479141116142273
129,0.37735360860824585,0.26585572957992554,0.2658136487007141,0.6226464509963989,0.34488555788993835,0.20840291678905487,0.20744167268276215,0.6551144123077393
130,0.4956086277961731,0.34988802671432495,0.34997880458831787,0.5043913722038269,0.3483450412750244,0.21093390882015228,0.20957255363464355,0.6516549587249756
131,0.5777645707130432,0.4313652515411377,0.4323597848415375,0.4222354292869568,0.3593433201313019,0.21905109286308289,0.2181805521249771,0.6406567096710205
132,0.451238214969635,0.3344132900238037,0.33494001626968384,0.548761785030365,0.38091596961021423,0.23529259860515594,0.23454494774341583,0.6190840005874634
133,0.5114838480949402,0.3628225028514862,0.3635828495025635,0.4885161519050598,0.38874146342277527,0.24129171669483185,0.2405080646276474,0.6112585067749023
134,0.4721451699733734,0.3318955898284912,0.33235692977905273,0.5278548002243042,0.399417519569397,0.24957077205181122,0.24862825870513916,0.600582480430603
135,0.5290979146957397,0.3839868903160095,0.38507792353630066,0.47090214490890503,0.38533779978752136,0.23867538571357727,0.23829904198646545,0.6146621704101562
136,0.4675982594490051,0.3213405907154083,0.32175537943840027,0.5324017405509949,0.38048434257507324,0.23496346175670624,0.23468895256519318,0.6195156574249268
137,0.4507645070552826,0.3295551538467407,0.3296087384223938,0.549235463142395,0.3752410411834717,0.23097831010818481,0.2308010756969452,0.6247589588165283
138,0.5051110982894897,0.3610849976539612,0.3616165518760681,0.49488887190818787,0.38805246353149414,0.2407611459493637,0.24042552709579468,0.6119475364685059
139,0.4704698622226715,0.3303685486316681,0.33139678835868835,0.5295301675796509,0.36545735597610474,0.22361059486865997,0.2224830836057663,0.6345426440238953
140,0.5082409381866455,0.37345337867736816,0.3739165663719177,0.4917590022087097,0.3910486102104187,0.24307164549827576,0.2422385960817337,0.6089513897895813
141,0.5619776844978333,0.41522496938705444,0.41555866599082947,0.43802231550216675,0.39498546719551086,0.24612051248550415,0.24551022052764893,0.6050145626068115
142,0.4750281274318695,0.3498178720474243,0.3504340648651123,0.5249718427658081,0.41038650274276733,0.25819283723831177,0.2573796212673187,0.5896134972572327
143,0.49575281143188477,0.3579503893852234,0.35875335335731506,0.5042471885681152,0.40156617760658264,0.25125041604042053,0.25053179264068604,0.5984338521957397
144,0.5392327308654785,0.3927997350692749,0.39355313777923584,0.4607672691345215,0.36731743812561035,0.225004643201828,0.22433854639530182,0.6326825618743896
145,0.48489099740982056,0.3418983817100525,0.34182313084602356,0.5151090621948242,0.35500645637512207,0.21583740413188934,0.21632879972457886,0.6449935436248779
146,0.4936341643333435,0.34337934851646423,0.3434528708457947,0.5063657760620117,0.3464117646217346,0.20951837301254272,0.21030311286449432,0.6535882353782654
147,0.5678063631057739,0.41465145349502563,0.41553205251693726,0.43219366669654846,0.362775057554245,0.22160619497299194,0.22081799805164337,0.6372249126434326
148,0.41309982538223267,0.2978343665599823,0.2983265817165375,0.5869001150131226,0.3484611213207245,0.2110190987586975,0.2112051099538803,0.6515388488769531
149,0.4116939902305603,0.2899755835533142,0.2899078130722046,0.5883060097694397,0.345516562461853,0.20886382460594177,0.20767635107040405,0.654483437538147
150,0.5026883482933044,0.3738532066345215,0.3742867112159729,0.4973115921020508,0.3615473210811615,0.22069063782691956,0.22174032032489777,0.6384526491165161
151,0.4816816747188568,0.3455577492713928,0.3460470736026764,0.5183182954788208,0.35876789689064026,0.21862353384494781,0.21916109323501587,0.6412321329116821
152,0.45122137665748596,0.3211807608604431,0.3215429484844208,0.5487786531448364,0.33541008830070496,0.20152470469474792,0.1996677964925766,0.6645898818969727
153,0.4849519729614258,0.35040849447250366,0.35076412558555603,0.5150481462478638,0.3416074216365814,0.20601454377174377,0.20597822964191437,0.6583925485610962
154,0.5084088444709778,0.375640332698822,0.37624412775039673,0.4915911555290222,0.36700576543807983,0.22477076947689056,0.2246841937303543,0.6329942345619202
155,0.4654451906681061,0.33155885338783264,0.33185192942619324,0.5345548391342163,0.36209750175476074,0.2211007922887802,0.22128425538539886,0.6379024982452393
156,0.48506394028663635,0.34994542598724365,0.35031038522720337,0.514936089515686,0.33356785774230957,0.20019663870334625,0.19883163273334503,0.6664321422576904
157,0.37789812684059143,0.28379759192466736,0.2844662070274353,0.622101902961731,0.34202447533607483,0.20631787180900574,0.20614126324653625,0.6579755544662476
158,0.517257809638977,0.37580907344818115,0.37659603357315063,0.48274216055870056,0.3499557077884674,0.21211591362953186,0.21150381863117218,0.650044322013855
159,0.40943726897239685,0.2786048352718353,0.2786157727241516,0.5905627608299255,0.3557925820350647,0.2164185792207718,0.2167174071073532,0.6442074179649353
160,0.570435106754303,0.41495442390441895,0.4157753884792328,0.429564893245697,0.36595726013183594,0.22398504614830017,0.22338581085205078,0.6340427398681641
161,0.43254342675209045,0.32569003105163574,0.32653194665908813,0.5674566030502319,0.37104466557502747,0.22780732810497284,0.2282916009426117,0.6289553642272949
162,0.47978177666664124,0.3373490869998932,0.3377290964126587,0.5202182531356812,0.3637082576751709,0.22230269014835358,0.2227047085762024,0.6362917423248291
163,0.5315942764282227,0.38155290484428406,0.3817328214645386,0.46840572357177734,0.37466734647750854,0.2305438369512558,0.23090194165706635,0.6253326535224915
164,0.4617094099521637,0.3231293559074402,0.32408407330513,0.5382906198501587,0.36098283529281616,0.22027036547660828,0.22046318650245667,0.6390171647071838
165,0.5403906106948853,0.3920503854751587,0.39267992973327637,0.45960941910743713,0.3663015365600586,0.2242429256439209,0.22407586872577667,0.6336984634399414
166,0.508452296257019,0.3635631203651428,0.3639175593852997,0.49154767394065857,0.3476157486438751,0.2103995978832245,0.20951057970523834,0.6523842811584473
167,0.3714635968208313,0.2559637129306793,0.2564617991447449,0.6285364627838135,0.33272722363471985,0.19959136843681335,0.19792674481868744,0.6672728061676025
168,0.4695571959018707,0.3163786828517914,0.3176622986793518,0.5304428339004517,0.3479021489620209,0.21060927212238312,0.21012990176677704,0.6520978212356567
169,0.5051893591880798,0.36614668369293213,0.367279589176178,0.49481064081192017,0.33235982060432434,0.19932720065116882,0.19723975658416748,0.667640209197998
170,0.4939161241054535,0.35535112023353577,0.35561126470565796,0.5060838460922241,0.3281858563423157,0.19633306562900543,0.19454659521579742,0.6718141436576843
171,0.5126088857650757,0.3670002818107605,0.367663711309433,0.4873911440372467,0.3503006100654602,0.21236926317214966,0.21266593039035797,0.6496993899345398
172,0.48784002661705017,0.3592398762702942,0.35971999168395996,0.5121598839759827,0.36248356103897095,0.22138860821723938,0.22140935063362122,0.637516438961029
173,0.5772560238838196,0.42635440826416016,0.4265468716621399,0.4227439761161804,0.37458646297454834,0.23048263788223267,0.22910474240779877,0.6254135370254517
174,0.5199133157730103,0.36616992950439453,0.3663507103919983,0.48008671402931213,0.3869403302669525,0.23990590870380402,0.2398233711719513,0.6130596399307251
175,0.501793384552002,0.3609357476234436,0.36175575852394104,0.49820661544799805,0.3667818307876587,0.22460289299488068,0.2248271107673645,0.6332181692123413
176,0.41060805320739746,0.2870609760284424,0.2876017093658447,0.5893919467926025,0.35190537571907043,0.21354976296424866,0.21306246519088745,0.648094654083252
177,0.554174542427063,0.40533098578453064,0.40568605065345764,0.4458254873752594,0.36464351415634155,0.2230018675327301,0.22231478989124298,0.6353564858436584
178,0.4305846095085144,0.302808940410614,0.3034515976905823,0.5694153308868408,0.35221782326698303,0.21377992630004883,0.21327310800552368,0.6477822065353394
179,0.4600810110569,0.3288142681121826,0.32964491844177246,0.5399190187454224,0.328784316778183,0.19676151871681213,0.19564005732536316,0.6712156534194946
180,0.5355865955352783,0.3882473111152649,0.3887555003166199,0.46441346406936646,0.3469868302345276,0.20993907749652863,0.20984311401844025,0.6530131697654724
181,0.39483585953712463,0.2887234389781952,0.28921693563461304,0.6051641702651978,0.33551356196403503,0.2015993744134903,0.1995576173067093,0.6644864082336426
182,0.5086520910263062,0.37133997678756714,0.37232065200805664,0.49134793877601624,0.34833717346191406,0.2109280377626419,0.2095717489719391,0.6516628265380859
183,0.4728001058101654,0.34990519285202026,0.3501562476158142,0.527199923992157,0.34974783658981323,0.21196308732032776,0.2107221633195877,0.6502521634101868
184,0.5500470399856567,0.39579135179519653,0.39638277888298035,0.4499529004096985,0.3386605679988861,0.20387540757656097,0.20230013132095337,0.6613394021987915
185,0.4904979169368744,0.3396488130092621,0.34006860852241516,0.5095020532608032,0.34368106722831726,0.2075243592262268,0.206659734249115,0.6563189029693604
186,0.5478252172470093,0.40573349595069885,0.4059901833534241,0.4521748125553131,0.35578060150146484,0.21640978753566742,0.21680986881256104,0.6442193984985352
187,0.49604806303977966,0.34959539771080017,0.3502585291862488,0.503951907157898,0.35125264525413513,0.213069349527359,0.2124740183353424,0.6487473249435425
188,0.5323670506477356,0.3780757784843445,0.3787718117237091,0.467632919549942,0.36433255672454834,0.22276930510997772,0.22247610986232758,0.6356674432754517
189,0.5160242319107056,0.3721277415752411,0.37306660413742065,0.48397573828697205,0.3576309084892273,0.21778017282485962,0.21787399053573608,0.6423690915107727
190,0.5104767680168152,0.36321645975112915,0.36428388953208923,0.4895232319831848,0.362156480550766,0.2211448699235916,0.22011661529541016,0.6378434896469116
191,0.5015672445297241,0.3444213271141052,0.3458184599876404,0.4984327256679535,0.3765065670013428,0.23193790018558502,0.23090241849422455,0.6234934329986572
192,0.4305592477321625,0.29192060232162476,0.2926860451698303,0.5694407224655151,0.37583932280540466,0.2314317673444748,0.23060433566570282,0.624160647392273
193,0.4201737940311432,0.30053597688674927,0.3007238209247589,0.5798261761665344,0.35992950201034546,0.2194867730140686,0.21816544234752655,0.6400704979896545
194,0.4331616461277008,0.31032100319862366,0.3113342225551605,0.5668383836746216,0.3519948720932007,0.21361562609672546,0.21315224468708038,0.6480051279067993
195,0.5300843119621277,0.3851467967033386,0.3851334750652313,0.4699156880378723,0.361978143453598,0.22101189196109772,0.22072696685791016,0.6380218267440796
196,0.3885115385055542,0.2792690396308899,0.2797044515609741,0.6114884614944458,0.35184672474861145,0.21350648999214172,0.21273507177829742,0.6481533050537109
197,0.5434439778327942,0.39769411087036133,0.39779388904571533,0.4565560221672058,0.34757277369499207,0.2103680968284607,0.21015749871730804,0.6524271965026855
198,0.5107887983322144,0.3695629835128784,0.3707352578639984,0.4892112612724304,0.3636271357536316,0.22224220633506775,0.2212524265050888,0.6363728642463684
199,0.45131874084472656,0.3338182270526886,0.3343921899795532,0.548681378364563,0.3611903786659241,0.22042492032051086,0.21886244416236877,0.6388096213340759
200,0.5193919539451599,0.3718462884426117,0.3719109892845154,0.4806080460548401,0.363140732049942,0.22187910974025726,0.2210102081298828,0.6368592977523804
201,0.587520956993103,0.43850088119506836,0.43928083777427673,0.41247907280921936,0.38925960659980774,0.24169126152992249,0.24035197496414185,0.6107404232025146
202,0.39963236451148987,0.2840701937675476,0.2843845784664154,0.6003676652908325,0.38699430227279663,0.23994742333889008,0.23956894874572754,0.6130056977272034
203,0.5619581341743469,0.4077189564704895,0.40852513909339905,0.4380418658256531,0.3997274339199066,0.24981294572353363,0.24872325360774994,0.600272536277771
204,0.40998023748397827,0.29089051485061646,0.29139626026153564,0.5900197625160217,0.3680223524570465,0.2255336493253708,0.2253035306930542,0.6319776773452759
205,0.39106640219688416,0.2808389961719513,0.2815069854259491,0.6089336276054382,0.3584708869457245,0.21840299665927887,0.2177952080965042,0.6415290832519531
206,0.46142497658729553,0.32897889614105225,0.32879114151000977,0.5385750532150269,0.35389018058776855,0.21501274406909943,0.21458576619625092,0.6461098194122314
207,0.38364511728286743,0.26076510548591614,0.2612091898918152,0.6163548231124878,0.34389251470565796,0.20767821371555328,0.20680664479732513,0.656107485294342
208,0.5421935319900513,0.40336474776268005,0.4042559266090393,0.45780643820762634,0.348469614982605,0.21102502942085266,0.21066007018089294,0.651530385017395
209,0.4673536717891693,0.33812761306762695,0.33858662843704224,0.5326463580131531,0.36036014556884766,0.2198067456483841,0.21900062263011932,0.6396398544311523
210,0.5350465178489685,0.3816041946411133,0.38239842653274536,0.4649534821510315,0.37184467911720276,0.22841040790081024,0.2271140068769455,0.6281553506851196
211,0.45070967078208923,0.31715860962867737,0.31777462363243103,0.5492903590202332,0.3678869605064392,0.22543177008628845,0.22446604073047638,0.6321130394935608
212,0.47865423560142517,0.336220920085907,0.33621180057525635,0.5213457345962524,0.37165626883506775,0.2282683402299881,0.22807258367538452,0.6283437013626099
213,0.4142928123474121,0.29949241876602173,0.2998645305633545,0.5857071876525879,0.38304856419563293,0.2369215190410614,0.235161691904068,0.6169514656066895
214,0.4702202379703522,0.33874815702438354,0.33906620740890503,0.5297797322273254,0.37779128551483154,0.23291315138339996,0.23085862398147583,0.6222087144851685
215,0.5328038930892944,0.38068345189094543,0.3813920021057129,0.46719613671302795,0.3692840039730072,0.22648167610168457,0.22665932774543762,0.6307159662246704
216,0.4594901502132416,0.32107216119766235,0.32182687520980835,0.5405098795890808,0.3667757213115692,0.224598228931427,0.2241450697183609,0.6332242488861084
217,0.5178288221359253,0.3775709271430969,0.3784143626689911,0.4821711480617523,0.3602861166000366,0.21975190937519073,0.21874135732650757,0.6397138833999634
218,0.5034828782081604,0.36543023586273193,0.3655906915664673,0.4965171217918396,0.3582271933555603,0.21822239458560944,0.21851184964179993,0.6417728066444397
219,0.5001032948493958,0.3534797132015228,0.3546691834926605,0.49989670515060425,0.3613019287586212,0.22050800919532776,0.219615176320076,0.6386981010437012
220,0.5215914845466614,0.3745066225528717,0.3748947083950043,0.4784085154533386,0.3722926676273346,0.22874876856803894,0.22663065791130066,0.6277073621749878
221,0.572919487953186,0.4249837398529053,0.4257937967777252,0.4270804822444916,0.3804209530353546,0.23491525650024414,0.233793243765831,0.6195790767669678
222,0.4186978340148926,0.2854275107383728,0.286485493183136,0.5813021659851074,0.38095927238464355,0.23532582819461823,0.2342429757118225,0.6190407276153564
223,0.41576576232910156,0.2899060845375061,0.2905057668685913,0.5842341780662537,0.39208969473838806,0.24387651681900024,0.24332712590694427,0.6079102754592896
224,0.5544115900993347,0.4164964556694031,0.4165682792663574,0.4455884099006653,0.39260411262512207,0.2442745715379715,0.24361276626586914,0.6073958873748779
225,0.3942236602306366,0.2690439224243164,0.2689189910888672,0.6057763695716858,0.4011440575122833,0.2509200870990753,0.24994848668575287,0.5988559722900391
226,0.5021015405654907,0.3671645224094391,0.3682247996330261,0.49789851903915405,0.3736708164215088,0.22978989779949188,0.2287965714931488,0.6263291835784912
227,0.4888680577278137,0.34981653094291687,0.35054245591163635,0.511132001876831,0.3631090223789215,0.22185532748699188,0.22098414599895477,0.6368910074234009
228,0.4662937521934509,0.3336566984653473,0.3340522050857544,0.5337062478065491,0.37188947200775146,0.2284443974494934,0.22746099531650543,0.6281105279922485
229,0.5108808875083923,0.37199172377586365,0.37259382009506226,0.48911914229393005,0.3694840669631958,0.2266322821378708,0.22541634738445282,0.6305159330368042
230,0.5101491212844849,0.3703511655330658,0.37009939551353455,0.48985084891319275,0.37655001878738403,0.23197083175182343,0.23119468986988068,0.623449981212616
231,0.5606938600540161,0.400998055934906,0.4018098711967468,0.4393061101436615,0.36372682452201843,0.2223166972398758,0.22176776826381683,0.6362731456756592
232,0.5014179944992065,0.3583011031150818,0.3584209978580475,0.49858197569847107,0.36167290806770325,0.22078442573547363,0.21997778117656708,0.6383271217346191
233,0.5500537753105164,0.4091077446937561,0.40967124700546265,0.44994625449180603,0.36259007453918457,0.2214682400226593,0.22016946971416473,0.6374099254608154
234,0.4511633813381195,0.30382972955703735,0.30432382225990295,0.5488365888595581,0.3713822662830353,0.2280620038509369,0.22654080390930176,0.6286177635192871
235,0.4346528947353363,0.2925066351890564,0.29268375039100647,0.5653470754623413,0.3658504784107208,0.2239050567150116,0.22240698337554932,0.6341495513916016
236,0.47058019042015076,0.33450010418891907,0.33530572056770325,0.5294197797775269,0.37079277634620667,0.22761757671833038,0.22675704956054688,0.6292072534561157
237,0.47947627305984497,0.34361499547958374,0.34357500076293945,0.5205238461494446,0.3797018826007843,0.23436711728572845,0.2339661717414856,0.6202981472015381
238,0.36538243293762207,0.23931929469108582,0.23993079364299774,0.6346176266670227,0.3534594476222992,0.2146950215101242,0.21362850069999695,0.6465405225753784
239,0.49320197105407715,0.358704149723053,0.35934022068977356,0.5067979693412781,0.36842086911201477,0.2258329540491104,0.22504311800003052,0.6315791606903076
240,0.5457879304885864,0.40055960416793823,0.40130314230918884,0.4542120099067688,0.3610367476940155,0.22031055390834808,0.21877595782279968,0.6389632225036621
241,0.47189196944236755,0.3310414254665375,0.331613153219223,0.5281080007553101,0.37767836451530457,0.2328275740146637,0.23257899284362793,0.622321605682373
242,0.5014013051986694,0.3659592270851135,0.36668434739112854,0.49859872460365295,0.3774564564228058,0.23265902698040009,0.23153458535671234,0.6225435733795166
243,0.45063868165016174,0.31485795974731445,0.3152409791946411,0.5493613481521606,0.3713081181049347,0.22800594568252563,0.2267770916223526,0.6286919116973877
244,0.4900851249694824,0.35379981994628906,0.3541570007801056,0.5099149346351624,0.3773384988307953,0.23256930708885193,0.2322092205286026,0.6226614713668823
245,0.4933188557624817,0.35290321707725525,0.35369449853897095,0.5066811442375183,0.35687223076820374,0.21721778810024261,0.21540586650371552,0.6431277990341187
246,0.5306414365768433,0.39352959394454956,0.3948116898536682,0.46935850381851196,0.36503857374191284,0.22329717874526978,0.22209198772907257,0.6349614262580872
247,0.4580146372318268,0.3293449282646179,0.3294949233531952,0.5419853925704956,0.35308992862701416,0.21442250907421112,0.21389560401439667,0.6469100713729858
248,0.4629133343696594,0.3274020850658417,0.3277769982814789,0.5370866060256958,0.3382616937160492,0.20358650386333466,0.20228849351406097,0.6617382764816284
249,0.4976564049720764,0.35747283697128296,0.35767287015914917,0.5023435950279236,0.339121550321579,0.2042095810174942,0.20269052684307098,0.6608784198760986
250,0.4256060719490051,0.28725534677505493,0.28827160596847534,0.5743938684463501,0.31955835223197937,0.19019143283367157,0.18827460706233978,0.6804416179656982
251,0.5771880745887756,0.4350910186767578,0.4358960688114166,0.42281192541122437,0.32196566462516785,0.19189882278442383,0.1901707947254181,0.6780343055725098
252,0.5708431601524353,0.41724127531051636,0.4174635410308838,0.4291568398475647,0.32347655296325684,0.19297294318675995,0.19158585369586945,0.6765234470367432
253,0.43310117721557617,0.3025190234184265,0.3032066226005554,0.5668988227844238,0.35269880294799805,0.21413424611091614,0.21343407034873962,0.647301197052002
254,0.4832006096839905,0.34586986899375916,0.34618639945983887,0.5167994499206543,0.3414034843444824,0.20586632192134857,0.2052653580904007,0.6585965156555176
255,0.5367525815963745,0.3982730805873871,0.3989296555519104,0.4632473886013031,0.3537231385707855,0.21488964557647705,0.21389447152614594,0.6462768316268921
256,0.41086870431900024,0.28604862093925476,0.2872163653373718,0.589131236076355,0.3473144471645355,0.2101788967847824,0.20879273116588593,0.6526855230331421
257,0.5013057589530945,0.35061115026474,0.3516930937767029,0.4986942410469055,0.35575070977211,0.21638764441013336,0.2158697098493576,0.6442493200302124
258,0.5050657987594604,0.3725776970386505,0.3731312155723572,0.4949342608451843,0.3635249435901642,0.22216582298278809,0.22087882459163666,0.6364750862121582
259,0.5344346761703491,0.38940510153770447,0.38989657163619995,0.4655652940273285,0.37050867080688477,0.22740349173545837,0.2261025607585907,0.6294913291931152
260,0.41168904304504395,0.294921338558197,0.2952137589454651,0.5883108973503113,0.3671238124370575,0.22485928237438202,0.22421523928642273,0.6328761577606201
261,0.5173319578170776,0.38616690039634705,0.3865777850151062,0.48266807198524475,0.35096317529678345,0.21285639703273773,0.21164900064468384,0.6490368247032166
262,0.4873582422733307,0.3542720377445221,0.35492879152297974,0.5126417875289917,0.3490084409713745,0.2114204615354538,0.21053360402584076,0.6509915590286255
263,0.497565358877182,0.3480243384838104,0.348617821931839,0.5024346113204956,0.3520565927028656,0.2136610746383667,0.21284110844135284,0.647943377494812
264,0.4771542549133301,0.34004664421081543,0.33993130922317505,0.5228458642959595,0.32710790634155273,0.19556231796741486,0.19384914636611938,0.6728920936584473
265,0.4617172181606293,0.33782488107681274,0.33823761343955994,0.5382827520370483,0.35017597675323486,0.21227775514125824,0.2110772281885147,0.6498240232467651
266,0.4071335196495056,0.27720192074775696,0.278439998626709,0.5928664803504944,0.35934844613075256,0.21905475854873657,0.21751724183559418,0.6406515836715698
267,0.5405438542366028,0.40234097838401794,0.40285927057266235,0.45945611596107483,0.3823300004005432,0.2363722324371338,0.23540295660495758,0.6176699995994568
268,0.3764357268810272,0.2647043764591217,0.2652342915534973,0.6235643625259399,0.38445761799812317,0.23800024390220642,0.23701785504817963,0.6155424118041992
269,0.5484765768051147,0.3966049551963806,0.39748385548591614,0.45152348279953003,0.39345839619636536,0.2449358105659485,0.2435539811849594,0.606541633605957
270,0.4615122675895691,0.3191242218017578,0.31921544671058655,0.5384877324104309,0.40457719564437866,0.25361141562461853,0.25257453322410583,0.5954228043556213
271,0.4240567684173584,0.30301913619041443,0.3037002980709076,0.5759432911872864,0.4092285633087158,0.25727665424346924,0.256418913602829,0.5907714366912842
272,0.47837916016578674,0.35232168436050415,0.35303032398223877,0.5216208696365356,0.40191811323165894,0.2515255808830261,0.249813973903656,0.5980818867683411
273,0.5397949814796448,0.39926713705062866,0.3999790549278259,0.4602050185203552,0.39146122336387634,0.24339009821414948,0.24256214499473572,0.6085387468338013
274,0.5139146447181702,0.3652176856994629,0.3651669919490814,0.48608535528182983,0.3757721185684204,0.23138050734996796,0.2297241985797882,0.6242278814315796
275,0.5185469388961792,0.38165944814682007,0.3822028636932373,0.4814530909061432,0.37484586238861084,0.23067884147167206,0.23009881377220154,0.6251541376113892
276,0.5334691405296326,0.37718600034713745,0.3774028718471527,0.46653085947036743,0.3802615702152252,0.2347935438156128,0.23376712203025818,0.6197384595870972
277,0.4368818700313568,0.31538745760917664,0.316170871257782,0.5631181001663208,0.38065189123153687,0.23509107530117035,0.23467636108398438,0.6193481087684631
278,0.5333759188652039,0.3892315626144409,0.3900218904018402,0.46662402153015137,0.3820992410182953,0.23619604110717773,0.23480358719825745,0.6179007291793823
279,0.4735371470451355,0.35605388879776,0.35655468702316284,0.5264628529548645,0.37619829177856445,0.23170390725135803,0.231389582157135,0.6238017082214355
280,0.436197429895401,0.31223732233047485,0.3126347064971924,0.5638025999069214,0.390768826007843,0.24285542964935303,0.2422330379486084,0.609231173992157
281,0.4456509053707123,0.3172775208950043,0.31768304109573364,0.5543490648269653,0.4033055603504181,0.25261327624320984,0.2508532404899597,0.5966944694519043
282,0.45616763830184937,0.32348814606666565,0.3243058919906616,0.5438323616981506,0.3896641135215759,0.24200287461280823,0.24170096218585968,0.6103358864784241
283,0.5036619305610657,0.36728593707084656,0.36771446466445923,0.4963380694389343,0.3601338565349579,0.2196386605501175,0.21843451261520386,0.6398661136627197
284,0.44723305106163025,0.3114217519760132,0.3121100962162018,0.5527669191360474,0.36741459369659424,0.22507748007774353,0.22489459812641144,0.6325854063034058
285,0.40119123458862305,0.2775954008102417,0.27819234132766724,0.5988087058067322,0.366668164730072,0.2245175540447235,0.22497589886188507,0.633331835269928
286,0.46931561827659607,0.33851176500320435,0.3390766382217407,0.5306843519210815,0.3597780466079712,0.21937406063079834,0.21857735514640808,0.6402219533920288
287,0.545144259929657,0.39784136414527893,0.39802804589271545,0.4548557698726654,0.3656688928604126,0.22376900911331177,0.22262167930603027,0.6343311071395874
288,0.4004489779472351,0.29072707891464233,0.2914457321166992,0.5995510220527649,0.358599454164505,0.21849864721298218,0.21797269582748413,0.6414005756378174
289,0.48435163497924805,0.3496924042701721,0.3501640856266022,0.5156483054161072,0.3424018323421478,0.20659254491329193,0.2056392878293991,0.6575981378555298
290,0.4657674729824066,0.33076900243759155,0.33090537786483765,0.534232497215271,0.3355201184749603,0.2016042023897171,0.19990289211273193,0.6644798517227173
291,0.47016745805740356,0.32485029101371765,0.32557088136672974,0.5298325419425964,0.34666985273361206,0.20970705151557922,0.20922182500362396,0.6533301472663879
292,0.508804440498352,0.3596005141735077,0.3600963056087494,0.4911956191062927,0.33638879656791687,0.20223161578178406,0.2008051574230194,0.6636111736297607
293,0.37702375650405884,0.26793816685676575,0.26852700114250183,0.6229762434959412,0.3263886868953705,0.1950484812259674,0.19276690483093262,0.6736112833023071
294,0.5289912223815918,0.37920552492141724,0.37992021441459656,0.4710087776184082,0.31733644008636475,0.188619926571846,0.18656456470489502,0.6826635599136353
295,0.45925989747047424,0.3112907409667969,0.3124341368675232,0.5407401323318481,0.3273806869983673,0.19575726985931396,0.19441930949687958,0.6726193428039551
296,0.46243295073509216,0.33272820711135864,0.33313098549842834,0.5375670194625854,0.3059418797492981,0.1806255728006363,0.1773822009563446,0.6940581202507019
297,0.4962211549282074,0.3478121757507324,0.34842216968536377,0.5037788152694702,0.31550055742263794,0.1873246133327484,0.18483875691890717,0.6844994425773621
298,0.46849703788757324,0.33397793769836426,0.33422860503196716,0.531502902507782,0.3193320035934448,0.19003115594387054,0.18772639334201813,0.6806679964065552
299,0.5192433595657349,0.37271520495414734,0.37354713678359985,0.4807566702365875,0.3331579267978668,0.1999015063047409,0.19959649443626404,0.6668421030044556
